2025-04-12 21:15:24.309 [info] Extension host with pid 12302 started
2025-04-12 21:15:24.310 [info] ExtensionService#_doActivateExtension vscode.emmet, startup: false, activationEvent: 'onLanguage'
2025-04-12 21:15:24.325 [info] ExtensionService#_doActivateExtension vscode.configuration-editing, startup: false, activationEvent: 'onLanguage:jsonc'
2025-04-12 21:15:24.332 [info] ExtensionService#_doActivateExtension vscode.json-language-features, startup: false, activationEvent: 'onLanguage:jsonc'
2025-04-12 21:15:24.377 [info] ExtensionService#_doActivateExtension vscode.typescript-language-features, startup: false, activationEvent: 'onLanguage:jsonc'
2025-04-12 21:15:24.576 [info] ExtensionService#_doActivateExtension vscode.git-base, startup: true, activationEvent: '*', root cause: vscode.git
2025-04-12 21:15:24.580 [info] ExtensionService#_doActivateExtension vscode.git, startup: true, activationEvent: '*'
2025-04-12 21:15:24.611 [info] ExtensionService#_doActivateExtension vscode.github, startup: true, activationEvent: '*'
2025-04-12 21:15:24.657 [info] Eager extensions activated
2025-04-12 21:15:24.689 [info] ExtensionService#_doActivateExtension vscode.debug-auto-launch, startup: false, activationEvent: 'onStartupFinished'
2025-04-12 21:15:24.690 [info] ExtensionService#_doActivateExtension vscode.merge-conflict, startup: false, activationEvent: 'onStartupFinished'
2025-04-12 21:15:24.703 [info] ExtensionService#_doActivateExtension drcika.apc-extension, startup: false, activationEvent: 'onStartupFinished'
2025-04-12 21:15:24.706 [error] Activating extension drcika.apc-extension failed due to an error:
2025-04-12 21:15:24.706 [error] TypeError: Cannot read properties of undefined (reading 'filename')
	at Object.<anonymous> (/home/aayush/.vscode-oss/extensions/drcika.apc-extension-0.4.1-universal/dist/patch.js:17:52)
	at Module._compile (node:internal/modules/cjs/loader:1544:14)
	at Module._extensions..js (node:internal/modules/cjs/loader:1629:10)
	at Module.load (node:internal/modules/cjs/loader:1282:32)
	at Module._load (node:internal/modules/cjs/loader:1103:12)
	at c._load (node:electron/js2c/node_init:2:16955)
	at e._load (file:///usr/lib/code/out/vs/workbench/api/node/extensionHostProcess.js:197:1509)
	at t._load (file:///usr/lib/code/out/vs/workbench/api/node/extensionHostProcess.js:183:22390)
	at i._load (file:///usr/lib/code/out/vs/workbench/api/node/extensionHostProcess.js:175:24781)
	at Module.require (node:internal/modules/cjs/loader:1305:19)
	at require (node:internal/modules/helpers:182:18)
	at Object.<anonymous> (/home/aayush/.vscode-oss/extensions/drcika.apc-extension-0.4.1-universal/dist/extension.js:7:17)
	at Module._compile (node:internal/modules/cjs/loader:1544:14)
	at Module._extensions..js (node:internal/modules/cjs/loader:1629:10)
	at Module.load (node:internal/modules/cjs/loader:1282:32)
	at Module._load (node:internal/modules/cjs/loader:1103:12)
	at c._load (node:electron/js2c/node_init:2:16955)
	at e._load (file:///usr/lib/code/out/vs/workbench/api/node/extensionHostProcess.js:197:1509)
	at t._load (file:///usr/lib/code/out/vs/workbench/api/node/extensionHostProcess.js:183:22390)
	at i._load (file:///usr/lib/code/out/vs/workbench/api/node/extensionHostProcess.js:175:24781)
	at Module.require (node:internal/modules/cjs/loader:1305:19)
	at require (node:internal/modules/helpers:182:18)
	at vV.xb (file:///usr/lib/code/out/vs/workbench/api/node/extensionHostProcess.js:183:23710)
	at async Promise.all (index 0)
2025-04-12 21:16:39.231 [info] ExtensionService#_doActivateExtension zhuangtongfa.material-theme, startup: false, activationEvent: 'onStartupFinished'
2025-04-12 21:17:21.839 [info] ExtensionService#_doActivateExtension castrogusttavo.symbols, startup: false, activationEvent: 'onStartupFinished'
2025-04-12 21:17:49.591 [info] Extension host terminating: renderer closed the MessagePort
2025-04-12 21:17:49.601 [info] Extension host with pid 12302 exiting with code 0
2025-04-12 21:17:50.752 [info] Extension host with pid 12470 started
2025-04-12 21:17:50.752 [info] Skipping acquiring lock for /home/aayush/.config/Code - OSS/User/workspaceStorage/ddc6147d06488b5cb86b616173dd9202.
2025-04-12 21:17:50.776 [info] ExtensionService#_doActivateExtension vscode.configuration-editing, startup: false, activationEvent: 'onLanguage:jsonc'
2025-04-12 21:17:50.786 [info] ExtensionService#_doActivateExtension vscode.json-language-features, startup: false, activationEvent: 'onLanguage:jsonc'
2025-04-12 21:17:50.829 [info] ExtensionService#_doActivateExtension vscode.typescript-language-features, startup: false, activationEvent: 'onLanguage:jsonc'
2025-04-12 21:17:50.863 [info] ExtensionService#_doActivateExtension vscode.emmet, startup: false, activationEvent: 'onLanguage'
2025-04-12 21:17:51.045 [info] ExtensionService#_doActivateExtension vscode.git-base, startup: true, activationEvent: '*'
2025-04-12 21:17:51.048 [info] ExtensionService#_doActivateExtension vscode.github, startup: true, activationEvent: '*'
2025-04-12 21:17:51.064 [info] Eager extensions activated
2025-04-12 21:17:51.065 [info] ExtensionService#_doActivateExtension vscode.debug-auto-launch, startup: false, activationEvent: 'onStartupFinished'
2025-04-12 21:17:51.069 [info] ExtensionService#_doActivateExtension vscode.merge-conflict, startup: false, activationEvent: 'onStartupFinished'
2025-04-12 21:17:51.082 [info] ExtensionService#_doActivateExtension castrogusttavo.symbols, startup: false, activationEvent: 'onStartupFinished'
2025-04-12 21:17:51.084 [info] ExtensionService#_doActivateExtension drcika.apc-extension, startup: false, activationEvent: 'onStartupFinished'
2025-04-12 21:17:51.087 [error] Activating extension drcika.apc-extension failed due to an error:
2025-04-12 21:17:51.087 [error] TypeError: Cannot read properties of undefined (reading 'filename')
	at Object.<anonymous> (/home/aayush/.vscode-oss/extensions/drcika.apc-extension-0.4.1-universal/dist/patch.js:17:52)
	at Module._compile (node:internal/modules/cjs/loader:1544:14)
	at Module._extensions..js (node:internal/modules/cjs/loader:1629:10)
	at Module.load (node:internal/modules/cjs/loader:1282:32)
	at Module._load (node:internal/modules/cjs/loader:1103:12)
	at c._load (node:electron/js2c/node_init:2:16955)
	at e._load (file:///usr/lib/code/out/vs/workbench/api/node/extensionHostProcess.js:197:1509)
	at t._load (file:///usr/lib/code/out/vs/workbench/api/node/extensionHostProcess.js:183:22390)
	at i._load (file:///usr/lib/code/out/vs/workbench/api/node/extensionHostProcess.js:175:24781)
	at Module.require (node:internal/modules/cjs/loader:1305:19)
	at require (node:internal/modules/helpers:182:18)
	at Object.<anonymous> (/home/aayush/.vscode-oss/extensions/drcika.apc-extension-0.4.1-universal/dist/extension.js:7:17)
	at Module._compile (node:internal/modules/cjs/loader:1544:14)
	at Module._extensions..js (node:internal/modules/cjs/loader:1629:10)
	at Module.load (node:internal/modules/cjs/loader:1282:32)
	at Module._load (node:internal/modules/cjs/loader:1103:12)
	at c._load (node:electron/js2c/node_init:2:16955)
	at e._load (file:///usr/lib/code/out/vs/workbench/api/node/extensionHostProcess.js:197:1509)
	at t._load (file:///usr/lib/code/out/vs/workbench/api/node/extensionHostProcess.js:183:22390)
	at i._load (file:///usr/lib/code/out/vs/workbench/api/node/extensionHostProcess.js:175:24781)
	at Module.require (node:internal/modules/cjs/loader:1305:19)
	at require (node:internal/modules/helpers:182:18)
	at vV.xb (file:///usr/lib/code/out/vs/workbench/api/node/extensionHostProcess.js:183:23710)
	at async Promise.all (index 0)
2025-04-12 21:17:51.087 [info] ExtensionService#_doActivateExtension zhuangtongfa.material-theme, startup: false, activationEvent: 'onStartupFinished'
2025-04-12 21:17:53.490 [info] ExtensionService#_doActivateExtension vscode.git, startup: false, activationEvent: 'api', root cause: vscode.github
2025-04-12 21:20:28.376 [info] ExtensionService#_doActivateExtension ms-python.python, startup: false, activationEvent: 'onLanguage:python'
2025-04-12 21:20:28.581 [info] ExtensionService#_doActivateExtension ms-python.debugpy, startup: false, activationEvent: 'onLanguage:python'
2025-04-12 21:20:28.629 [error] Activating extension ms-python.debugpy failed due to an error:
2025-04-12 21:20:28.629 [error] Error: Extension 'ms-python.debugpy' CANNOT use API proposal: portsAttributes.
Its package.json#enabledApiProposals-property declares:  but NOT portsAttributes.
 The missing proposal MUST be added and you must start in extension development mode or use the following command line switch: --enable-proposed-api ms-python.debugpy
	at R (file:///usr/lib/code/out/vs/workbench/api/node/extensionHostProcess.js:105:19265)
	at Object.registerPortAttributesProvider (file:///usr/lib/code/out/vs/workbench/api/node/extensionHostProcess.js:173:48788)
	at t.registerDebugger (/home/aayush/.vscode-oss/extensions/ms-python.debugpy-2025.6.0-linux-x64/dist/extension.js:2:846640)
	at e.activate (/home/aayush/.vscode-oss/extensions/ms-python.debugpy-2025.6.0-linux-x64/dist/extension.js:2:1098056)
	at Uw.kb (file:///usr/lib/code/out/vs/workbench/api/node/extensionHostProcess.js:115:15216)
	at Uw.jb (file:///usr/lib/code/out/vs/workbench/api/node/extensionHostProcess.js:115:14923)
	at file:///usr/lib/code/out/vs/workbench/api/node/extensionHostProcess.js:115:13081
	at async cw.n (file:///usr/lib/code/out/vs/workbench/api/node/extensionHostProcess.js:111:13359)
	at async cw.m (file:///usr/lib/code/out/vs/workbench/api/node/extensionHostProcess.js:111:13322)
	at async cw.l (file:///usr/lib/code/out/vs/workbench/api/node/extensionHostProcess.js:111:12778)
2025-04-12 21:20:29.797 [error] Error: Extension 'ms-python.python' CANNOT use API proposal: testObserver.
Its package.json#enabledApiProposals-property declares:  but NOT testObserver.
 The missing proposal MUST be added and you must start in extension development mode or use the following command line switch: --enable-proposed-api ms-python.python
	at R (file:///usr/lib/code/out/vs/workbench/api/node/extensionHostProcess.js:105:19265)
	at get testResults (file:///usr/lib/code/out/vs/workbench/api/node/extensionHostProcess.js:173:32518)
	at C.activate (/home/aayush/.vscode-oss/extensions/ms-python.python-2025.4.0-universal/out/client/extension.js:2:908659)
	at /home/aayush/.vscode-oss/extensions/ms-python.python-2025.4.0-universal/out/client/extension.js:2:2457
	at Array.map (<anonymous>)
	at v.activateWorkspace (/home/aayush/.vscode-oss/extensions/ms-python.python-2025.4.0-universal/out/client/extension.js:2:2447)
2025-04-12 21:20:50.426 [warning] vscode.json-language-features - Code actions of kind 'quickfix' requested but returned code action is of kind 'source.sort.json'. Code action will be dropped. Please check 'CodeActionContext.only' to only return requested code actions.
2025-04-12 21:20:51.510 [warning] vscode.json-language-features - Code actions of kind 'quickfix' requested but returned code action is of kind 'source.sort.json'. Code action will be dropped. Please check 'CodeActionContext.only' to only return requested code actions.
2025-04-12 21:21:09.204 [info] Extension host terminating: renderer closed the MessagePort
2025-04-12 21:21:09.218 [info] Extension host with pid 12470 exiting with code 0
