2025-04-25 19:40:36.304 [warning] /home/aayush/.ssh/config: ENOENT: no such file or directory, open '/home/aayush/.ssh/config'
2025-04-25 19:40:36.304 [info] [Activation] Extension version: 0.108.0
2025-04-25 19:40:36.304 [info] [TemporaryState] Error in initialization: Unable to delete nonexistent file 'vscode-userdata:/home/aayush/.config/Code/User/globalStorage/github.vscode-pull-request-github/temp'
2025-04-25 19:40:36.314 [info] [Activation] Looking for git repository
2025-04-25 19:40:36.314 [info] [Activation] Found 0 repositories during activation
2025-04-25 19:40:36.314 [info] [Activation] Git repository found, initializing review manager and pr tree view.
2025-04-25 19:40:36.315 [info] [GitAPI] Registering git provider
2025-04-25 19:42:57.534 [info] [GitAPI] Repository file:///home/aayush/.config has been opened
2025-04-25 19:42:57.535 [info] [Review+0] Validate state in progress
2025-04-25 19:42:57.535 [info] [Review+0] Validating state...
2025-04-25 19:42:57.537 [warning] No remotes found. The following remotes are missing: origin, upstream
2025-04-25 19:42:57.537 [info] [FolderRepositoryManager+0] No GitHub remotes found for folder /home/aayush/.config
2025-04-25 19:42:57.663 [info] [Review+0] Queuing additional validate state
2025-04-25 19:42:57.663 [info] [Activation] Repo state for file:///home/aayush/.config changed.
2025-04-25 19:42:57.663 [info] [Activation] Repo file:///home/aayush/.config has already been setup.
2025-04-25 19:42:58.098 [info] [Review+0] Validating state...
2025-04-25 19:42:58.098 [warning] No remotes found. The following remotes are missing: origin, upstream
2025-04-25 19:42:58.098 [info] [FolderRepositoryManager+0] No GitHub remotes found for folder /home/aayush/.config
2025-04-25 19:42:58.113 [info] [Review+0] No matching pull request metadata found locally for current branch main
2025-04-25 19:42:58.122 [info] [Review+0] No matching pull request metadata found on GitHub for current branch main
2025-04-25 19:43:46.105 [info] [Review+0] Validate state in progress
2025-04-25 19:43:46.105 [info] [Review+0] Validating state...
2025-04-25 19:43:46.112 [warning] No remotes found. The following remotes are missing: origin, upstream
2025-04-25 19:43:46.112 [info] [FolderRepositoryManager+0] No GitHub remotes found for folder /home/aayush/.config
2025-04-25 19:43:46.126 [info] [Review+0] No matching pull request metadata found locally for current branch main
2025-04-25 19:43:46.137 [info] [Review+0] No matching pull request metadata found on GitHub for current branch main
