2025-04-20 00:00:03.905 [info] Getting Manifest... be5invis.vscode-custom-css
2025-04-20 00:00:04.369 [info] Installing extension: be5invis.vscode-custom-css {"isMachineScoped":false,"installPreReleaseVersion":false,"pinned":false,"profileLocation":{"$mid":1,"external":"vscode-userdata:/home/aayush/.vscode/extensions/extensions.json","path":"/home/aayush/.vscode/extensions/extensions.json","scheme":"vscode-userdata"},"isApplicationScoped":false,"productVersion":{"version":"1.99.3","date":"2025-04-15T23:18:46.076Z"}}
2025-04-20 00:00:05.853 [info] Extension signature verification result for be5invis.vscode-custom-css: Success. Internal Code: 0. Executed: true. Duration: 534ms.
2025-04-20 00:00:05.907 [info] Extracted extension to file:///home/aayush/.vscode/extensions/be5invis.vscode-custom-css-7.4.2: be5invis.vscode-custom-css
2025-04-20 00:00:05.924 [info] Renamed to /home/aayush/.vscode/extensions/be5invis.vscode-custom-css-7.4.2
2025-04-20 00:00:05.939 [info] Extension installed successfully: be5invis.vscode-custom-css vscode-userdata:/home/aayush/.vscode/extensions/extensions.json
2025-04-20 00:00:14.019 [info] Getting Manifest... drcika.apc-extension
2025-04-20 00:00:14.102 [info] Installing extension: drcika.apc-extension {"isMachineScoped":false,"installPreReleaseVersion":false,"pinned":false,"profileLocation":{"$mid":1,"external":"vscode-userdata:/home/aayush/.vscode/extensions/extensions.json","path":"/home/aayush/.vscode/extensions/extensions.json","scheme":"vscode-userdata"},"isApplicationScoped":false,"productVersion":{"version":"1.99.3","date":"2025-04-15T23:18:46.076Z"}}
2025-04-20 00:00:14.968 [info] Extension signature verification result for drcika.apc-extension: Success. Internal Code: 0. Executed: true. Duration: 517ms.
2025-04-20 00:00:14.991 [info] Extracted extension to file:///home/aayush/.vscode/extensions/drcika.apc-extension-0.4.1: drcika.apc-extension
2025-04-20 00:00:15.002 [info] Renamed to /home/aayush/.vscode/extensions/drcika.apc-extension-0.4.1
2025-04-20 00:00:15.018 [info] Extension installed successfully: drcika.apc-extension vscode-userdata:/home/aayush/.vscode/extensions/extensions.json
2025-04-20 00:00:32.016 [info] Getting Manifest... zhuangtongfa.material-theme
2025-04-20 00:00:32.224 [info] Installing extension: zhuangtongfa.material-theme {"isMachineScoped":false,"installPreReleaseVersion":false,"pinned":false,"profileLocation":{"$mid":1,"external":"vscode-userdata:/home/aayush/.vscode/extensions/extensions.json","path":"/home/aayush/.vscode/extensions/extensions.json","scheme":"vscode-userdata"},"isApplicationScoped":false,"productVersion":{"version":"1.99.3","date":"2025-04-15T23:18:46.076Z"}}
2025-04-20 00:00:33.193 [info] Extension signature verification result for zhuangtongfa.material-theme: Success. Internal Code: 0. Executed: true. Duration: 502ms.
2025-04-20 00:00:33.231 [info] Extracted extension to file:///home/aayush/.vscode/extensions/zhuangtongfa.material-theme-3.19.0: zhuangtongfa.material-theme
2025-04-20 00:00:33.244 [info] Renamed to /home/aayush/.vscode/extensions/zhuangtongfa.material-theme-3.19.0
2025-04-20 00:00:33.260 [info] Extension installed successfully: zhuangtongfa.material-theme vscode-userdata:/home/aayush/.vscode/extensions/extensions.json
2025-04-20 00:00:53.039 [info] Getting Manifest... esbenp.prettier-vscode
2025-04-20 00:00:53.090 [info] Installing extension: esbenp.prettier-vscode {"isMachineScoped":false,"installPreReleaseVersion":false,"pinned":false,"profileLocation":{"$mid":1,"external":"vscode-userdata:/home/aayush/.vscode/extensions/extensions.json","path":"/home/aayush/.vscode/extensions/extensions.json","scheme":"vscode-userdata"},"isApplicationScoped":false,"productVersion":{"version":"1.99.3","date":"2025-04-15T23:18:46.076Z"}}
2025-04-20 00:00:53.921 [info] Extension signature verification result for esbenp.prettier-vscode: Success. Internal Code: 0. Executed: true. Duration: 539ms.
2025-04-20 00:00:53.986 [info] Extracted extension to file:///home/aayush/.vscode/extensions/esbenp.prettier-vscode-11.0.0: esbenp.prettier-vscode
2025-04-20 00:00:53.997 [info] Renamed to /home/aayush/.vscode/extensions/esbenp.prettier-vscode-11.0.0
2025-04-20 00:00:54.016 [info] Extension installed successfully: esbenp.prettier-vscode vscode-userdata:/home/aayush/.vscode/extensions/extensions.json
2025-04-20 00:01:06.375 [info] Getting Manifest... miguelsolorio.symbols
2025-04-20 00:01:06.477 [info] Installing extension: miguelsolorio.symbols {"isMachineScoped":false,"installPreReleaseVersion":false,"pinned":false,"profileLocation":{"$mid":1,"external":"vscode-userdata:/home/aayush/.vscode/extensions/extensions.json","path":"/home/aayush/.vscode/extensions/extensions.json","scheme":"vscode-userdata"},"isApplicationScoped":false,"productVersion":{"version":"1.99.3","date":"2025-04-15T23:18:46.076Z"}}
2025-04-20 00:01:07.506 [info] Extension signature verification result for miguelsolorio.symbols: Success. Internal Code: 0. Executed: true. Duration: 518ms.
2025-04-20 00:01:07.745 [info] Extracted extension to file:///home/aayush/.vscode/extensions/miguelsolorio.symbols-0.0.22: miguelsolorio.symbols
2025-04-20 00:01:07.764 [info] Renamed to /home/aayush/.vscode/extensions/miguelsolorio.symbols-0.0.22
2025-04-20 00:01:07.781 [info] Extension installed successfully: miguelsolorio.symbols vscode-userdata:/home/aayush/.vscode/extensions/extensions.json
2025-04-20 00:01:21.308 [info] Getting Manifest... miguelsolorio.fluent-icons
2025-04-20 00:01:21.358 [info] Installing extension: miguelsolorio.fluent-icons {"isMachineScoped":false,"installPreReleaseVersion":false,"pinned":false,"profileLocation":{"$mid":1,"external":"vscode-userdata:/home/aayush/.vscode/extensions/extensions.json","path":"/home/aayush/.vscode/extensions/extensions.json","scheme":"vscode-userdata"},"isApplicationScoped":false,"productVersion":{"version":"1.99.3","date":"2025-04-15T23:18:46.076Z"}}
2025-04-20 00:01:22.601 [info] Extension signature verification result for miguelsolorio.fluent-icons: Success. Internal Code: 0. Executed: true. Duration: 513ms.
2025-04-20 00:01:22.645 [info] Extracted extension to file:///home/aayush/.vscode/extensions/miguelsolorio.fluent-icons-0.0.19: miguelsolorio.fluent-icons
2025-04-20 00:01:22.657 [info] Renamed to /home/aayush/.vscode/extensions/miguelsolorio.fluent-icons-0.0.19
2025-04-20 00:01:22.673 [info] Extension installed successfully: miguelsolorio.fluent-icons vscode-userdata:/home/aayush/.vscode/extensions/extensions.json
