2025-04-05 10:02:35.222 [info] [main] Log level: Info
2025-04-05 10:02:35.222 [info] [main] Validating found git in: "git"
2025-04-05 10:02:35.222 [info] [main] Using git "2.49.0" from "git"
2025-04-05 10:02:35.222 [info] [Model][doInitialScan] Initial repository scan started
2025-04-05 10:02:35.222 [info] > git rev-parse --show-toplevel [13ms]
2025-04-05 10:02:35.222 [info] fatal: not a git repository (or any of the parent directories): .git
2025-04-05 10:02:35.222 [info] [Model][doInitialScan] Initial repository scan completed - repositories (0), closed repositories (0), parent repositories (0), unsafe repositories (0)
2025-04-05 10:05:07.608 [info] > git rev-parse --show-toplevel [2ms]
2025-04-05 10:05:07.608 [info] fatal: not a git repository (or any of the parent directories): .git
2025-04-05 10:05:19.299 [info] > git rev-parse --show-toplevel [2ms]
2025-04-05 10:05:19.299 [info] fatal: not a git repository (or any of the parent directories): .git
2025-04-05 10:05:56.772 [info] > git rev-parse --show-toplevel [1ms]
2025-04-05 10:05:56.772 [info] fatal: not a git repository (or any of the parent directories): .git
2025-04-05 10:06:49.760 [info] > git rev-parse --show-toplevel [1ms]
2025-04-05 10:06:49.760 [info] fatal: not a git repository (or any of the parent directories): .git
2025-04-05 10:07:23.046 [info] > git rev-parse --show-toplevel [1ms]
2025-04-05 10:07:23.046 [info] fatal: not a git repository (or any of the parent directories): .git
2025-04-05 10:07:34.101 [info] > git rev-parse --show-toplevel [1ms]
2025-04-05 10:07:34.101 [info] fatal: not a git repository (or any of the parent directories): .git
2025-04-05 10:07:51.439 [info] > git rev-parse --show-toplevel [2ms]
2025-04-05 10:07:51.439 [info] fatal: not a git repository (or any of the parent directories): .git
2025-04-05 10:08:22.426 [info] > git rev-parse --show-toplevel [1ms]
2025-04-05 10:08:22.426 [info] fatal: not a git repository (or any of the parent directories): .git
2025-04-05 10:11:15.326 [info] > git rev-parse --show-toplevel [1ms]
2025-04-05 10:11:15.326 [info] fatal: not a git repository (or any of the parent directories): .git
2025-04-05 10:12:07.635 [info] > git rev-parse --show-toplevel [1ms]
2025-04-05 10:12:07.635 [info] fatal: not a git repository (or any of the parent directories): .git
2025-04-05 10:12:16.429 [info] > git rev-parse --show-toplevel [1ms]
2025-04-05 10:12:16.429 [info] fatal: not a git repository (or any of the parent directories): .git
2025-04-05 10:12:21.581 [info] > git rev-parse --show-toplevel [2ms]
2025-04-05 10:12:21.581 [info] fatal: not a git repository (or any of the parent directories): .git
2025-04-05 10:12:53.744 [info] > git rev-parse --show-toplevel [2ms]
2025-04-05 10:12:53.744 [info] fatal: not a git repository (or any of the parent directories): .git
2025-04-05 10:14:22.908 [info] > git rev-parse --show-toplevel [2ms]
2025-04-05 10:14:22.908 [info] fatal: not a git repository (or any of the parent directories): .git
2025-04-05 10:17:17.247 [info] > git rev-parse --show-toplevel [2ms]
2025-04-05 10:17:17.247 [info] fatal: not a git repository (or any of the parent directories): .git
2025-04-05 10:17:18.298 [info] > git rev-parse --show-toplevel [1ms]
2025-04-05 10:17:18.298 [info] fatal: not a git repository (or any of the parent directories): .git
2025-04-05 10:17:20.415 [info] > git rev-parse --show-toplevel [1ms]
2025-04-05 10:17:20.415 [info] fatal: not a git repository (or any of the parent directories): .git
2025-04-05 10:20:44.474 [info] > git rev-parse --show-toplevel [2ms]
2025-04-05 10:20:44.474 [info] fatal: not a git repository (or any of the parent directories): .git
2025-04-05 10:25:36.939 [info] > git rev-parse --show-toplevel [1ms]
2025-04-05 10:25:36.939 [info] fatal: not a git repository (or any of the parent directories): .git
2025-04-05 10:26:20.323 [info] > git rev-parse --show-toplevel [1ms]
2025-04-05 10:26:20.323 [info] fatal: not a git repository (or any of the parent directories): .git
2025-04-05 10:27:16.805 [info] > git rev-parse --show-toplevel [1ms]
2025-04-05 10:27:16.805 [info] fatal: not a git repository (or any of the parent directories): .git
2025-04-05 10:27:48.312 [info] > git rev-parse --show-toplevel [1ms]
2025-04-05 10:27:48.312 [info] fatal: not a git repository (or any of the parent directories): .git
2025-04-05 10:28:12.096 [info] > git rev-parse --show-toplevel [1ms]
2025-04-05 10:28:12.096 [info] fatal: not a git repository (or any of the parent directories): .git
2025-04-05 10:28:46.408 [info] > git rev-parse --show-toplevel [2ms]
2025-04-05 10:28:46.408 [info] fatal: not a git repository (or any of the parent directories): .git
2025-04-05 10:29:44.578 [info] > git rev-parse --show-toplevel [2ms]
2025-04-05 10:29:44.578 [info] fatal: not a git repository (or any of the parent directories): .git
2025-04-05 10:29:50.692 [info] > git rev-parse --show-toplevel [1ms]
2025-04-05 10:29:50.692 [info] fatal: not a git repository (or any of the parent directories): .git
2025-04-05 10:29:56.043 [info] > git rev-parse --show-toplevel [1ms]
2025-04-05 10:29:56.043 [info] fatal: not a git repository (or any of the parent directories): .git
2025-04-05 10:30:13.163 [info] > git rev-parse --show-toplevel [1ms]
2025-04-05 10:30:13.163 [info] fatal: not a git repository (or any of the parent directories): .git
2025-04-05 10:30:15.645 [info] > git rev-parse --show-toplevel [1ms]
2025-04-05 10:30:15.645 [info] fatal: not a git repository (or any of the parent directories): .git
2025-04-05 10:30:22.682 [info] > git rev-parse --show-toplevel [1ms]
2025-04-05 10:30:22.682 [info] fatal: not a git repository (or any of the parent directories): .git
2025-04-05 10:30:25.879 [info] > git rev-parse --show-toplevel [2ms]
2025-04-05 10:30:25.879 [info] fatal: not a git repository (or any of the parent directories): .git
2025-04-05 10:30:35.776 [info] > git rev-parse --show-toplevel [1ms]
2025-04-05 10:30:35.776 [info] fatal: not a git repository (or any of the parent directories): .git
2025-04-05 10:31:17.631 [info] > git rev-parse --show-toplevel [1ms]
2025-04-05 10:31:17.631 [info] fatal: not a git repository (or any of the parent directories): .git
2025-04-05 10:33:14.021 [info] > git rev-parse --show-toplevel [1ms]
2025-04-05 10:33:14.021 [info] fatal: not a git repository (or any of the parent directories): .git
2025-04-05 10:33:26.352 [info] > git rev-parse --show-toplevel [1ms]
2025-04-05 10:33:26.352 [info] fatal: not a git repository (or any of the parent directories): .git
