2025-04-12 21:26:50.523 [info] [main] Log level: Info
2025-04-12 21:26:50.523 [info] [main] Validating found git in: "git"
2025-04-12 21:26:50.523 [info] [main] Using git "2.49.0" from "git"
2025-04-12 21:26:50.523 [info] [Model][doInitialScan] Initial repository scan started
2025-04-12 21:26:50.523 [info] > git rev-parse --show-toplevel [4ms]
2025-04-12 21:26:50.523 [info] fatal: not a git repository (or any parent up to mount point /run/media/aayush)
Stopping at filesystem boundary (GIT_DISCOVERY_ACROSS_FILESYSTEM not set).
2025-04-12 21:26:50.523 [info] > git rev-parse --show-toplevel [18ms]
2025-04-12 21:26:50.523 [info] fatal: not a git repository (or any parent up to mount point /run/media/aayush)
Stopping at filesystem boundary (GIT_DISCOVERY_ACROSS_FILESYSTEM not set).
2025-04-12 21:26:50.524 [info] > git rev-parse --show-toplevel [2ms]
2025-04-12 21:26:50.524 [info] fatal: not a git repository (or any parent up to mount point /run/media/aayush)
Stopping at filesystem boundary (GIT_DISCOVERY_ACROSS_FILESYSTEM not set).
2025-04-12 21:26:50.531 [info] > git rev-parse --show-toplevel [2ms]
2025-04-12 21:26:50.531 [info] fatal: not a git repository (or any parent up to mount point /run/media/aayush)
Stopping at filesystem boundary (GIT_DISCOVERY_ACROSS_FILESYSTEM not set).
2025-04-12 21:26:50.532 [info] [Model][doInitialScan] Initial repository scan completed - repositories (0), closed repositories (0), parent repositories (0), unsafe repositories (0)
2025-04-12 21:26:51.630 [info] > git rev-parse --show-toplevel [1ms]
2025-04-12 21:26:51.630 [info] fatal: not a git repository (or any parent up to mount point /run/media/aayush)
Stopping at filesystem boundary (GIT_DISCOVERY_ACROSS_FILESYSTEM not set).
2025-04-12 21:26:52.036 [info] > git rev-parse --show-toplevel [2ms]
2025-04-12 21:26:52.036 [info] fatal: not a git repository (or any parent up to mount point /run/media/aayush)
Stopping at filesystem boundary (GIT_DISCOVERY_ACROSS_FILESYSTEM not set).
