2025-04-25 19:50:20.380 [info] Reading sessions from keychain...
2025-04-25 19:50:20.380 [info] Getting sessions for all scopes...
2025-04-25 19:50:20.380 [info] Getting sessions for all scopes...
2025-04-25 19:50:20.380 [info] Getting sessions for all scopes...
2025-04-25 19:50:20.380 [info] Getting sessions for all scopes...
2025-04-25 19:50:20.380 [info] Getting sessions for all scopes...
2025-04-25 19:50:20.380 [info] Getting sessions for all scopes...
2025-04-25 19:50:20.380 [info] Getting sessions for all scopes...
2025-04-25 19:50:20.447 [info] Got stored sessions!
2025-04-25 19:50:20.447 [info] Got 1 verified sessions.
2025-04-25 19:50:20.447 [info] Got 1 sessions for ...
2025-04-25 19:50:20.447 [info] Got 1 sessions for ...
2025-04-25 19:50:20.447 [info] Got 1 sessions for ...
2025-04-25 19:50:20.447 [info] Got 1 sessions for ...
2025-04-25 19:50:20.447 [info] Got 1 sessions for ...
2025-04-25 19:50:20.447 [info] Got 1 sessions for ...
2025-04-25 19:50:20.447 [info] Got 1 sessions for ...
2025-04-25 19:50:20.448 [info] Getting sessions for all scopes...
2025-04-25 19:50:20.448 [info] Got 1 sessions for ...
2025-04-25 19:50:20.795 [info] Getting sessions for all scopes...
2025-04-25 19:50:20.795 [info] Got 1 sessions for ...
2025-04-25 19:50:20.856 [info] Getting sessions for project,read:org,read:user,repo,user:email,workflow...
2025-04-25 19:50:20.856 [info] Got 0 sessions for project,read:org,read:user,repo,user:email,workflow...
2025-04-25 19:50:20.890 [info] Getting sessions for read:user,repo,user:email,workflow...
2025-04-25 19:50:20.890 [info] Got 1 sessions for read:user,repo,user:email,workflow...
2025-04-25 19:50:21.307 [info] Getting sessions for read:user,repo,user:email,workflow...
2025-04-25 19:50:21.307 [info] Got 1 sessions for read:user,repo,user:email,workflow...
2025-04-25 19:50:21.897 [info] Getting sessions for read:user,repo,user:email,workflow...
2025-04-25 19:50:21.897 [info] Got 1 sessions for read:user,repo,user:email,workflow...
2025-04-25 19:50:22.301 [info] Getting sessions for all scopes...
2025-04-25 19:50:22.301 [info] Got 1 sessions for ...
2025-04-25 19:53:34.039 [info] Getting sessions for read:user,repo,user:email,workflow...
2025-04-25 19:53:34.039 [info] Got 1 sessions for read:user,repo,user:email,workflow...
2025-04-25 19:53:34.495 [info] Getting sessions for read:user,repo,user:email,workflow...
2025-04-25 19:53:34.495 [info] Got 1 sessions for read:user,repo,user:email,workflow...
