2025-04-12 21:15:23.906 [info] Started local extension host with pid 12302.
2025-04-12 21:15:26.502 [info] [perf] Render performance baseline is 18ms
2025-04-12 21:17:21.834 [error] Unable to read file '/home/aayush/.vscode-oss/extensions/castrogusttavo.symbols-0.0.18-universal/src/symbol-icon-theme.modified.json' (Error: Unable to resolve nonexistent file '/home/aayush/.vscode-oss/extensions/castrogusttavo.symbols-0.0.18-universal/src/symbol-icon-theme.modified.json'): Error: Unable to read file '/home/aayush/.vscode-oss/extensions/castrogusttavo.symbols-0.0.18-universal/src/symbol-icon-theme.modified.json' (Error: Unable to resolve nonexistent file '/home/aayush/.vscode-oss/extensions/castrogusttavo.symbols-0.0.18-universal/src/symbol-icon-theme.modified.json')
    at Vft.G (vscode-file://vscode-app/usr/lib/code/out/vs/workbench/workbench.desktop.main.js:3211:65454)
    at Vft.F (vscode-file://vscode-app/usr/lib/code/out/vs/workbench/workbench.desktop.main.js:3211:65279)
    at async Vft.D (vscode-file://vscode-app/usr/lib/code/out/vs/workbench/workbench.desktop.main.js:3211:64647)
    at async Kgt.readExtensionResource (vscode-file://vscode-app/usr/lib/code/out/vs/workbench/workbench.desktop.main.js:3241:2236)
    at async eGe.cb (vscode-file://vscode-app/usr/lib/code/out/vs/workbench/workbench.desktop.main.js:1838:1085)
    at async vscode-file://vscode-app/usr/lib/code/out/vs/workbench/workbench.desktop.main.js:1838:1866
    at async Hse.value (vscode-file://vscode-app/usr/lib/code/out/vs/workbench/workbench.desktop.main.js:1836:5097)
2025-04-12 21:17:21.916 [error] Unable to read file '/home/aayush/.vscode-oss/extensions/castrogusttavo.symbols-0.0.18-universal/src/symbol-icon-theme.modified.json' (Error: Unable to resolve nonexistent file '/home/aayush/.vscode-oss/extensions/castrogusttavo.symbols-0.0.18-universal/src/symbol-icon-theme.modified.json'): Error: Unable to read file '/home/aayush/.vscode-oss/extensions/castrogusttavo.symbols-0.0.18-universal/src/symbol-icon-theme.modified.json' (Error: Unable to resolve nonexistent file '/home/aayush/.vscode-oss/extensions/castrogusttavo.symbols-0.0.18-universal/src/symbol-icon-theme.modified.json')
    at Vft.G (vscode-file://vscode-app/usr/lib/code/out/vs/workbench/workbench.desktop.main.js:3211:65454)
    at Vft.F (vscode-file://vscode-app/usr/lib/code/out/vs/workbench/workbench.desktop.main.js:3211:65279)
    at async Vft.D (vscode-file://vscode-app/usr/lib/code/out/vs/workbench/workbench.desktop.main.js:3211:64647)
    at async Kgt.readExtensionResource (vscode-file://vscode-app/usr/lib/code/out/vs/workbench/workbench.desktop.main.js:3241:2236)
    at async eGe.cb (vscode-file://vscode-app/usr/lib/code/out/vs/workbench/workbench.desktop.main.js:1838:1085)
2025-04-12 21:17:50.166 [info] ChatSessionStore: Migrating 0 chat sessions from storage service to file system
2025-04-12 21:17:50.281 [info] Started local extension host with pid 12470.
2025-04-12 21:17:53.065 [info] [perf] Render performance baseline is 24ms
2025-04-12 21:20:28.184 [error] Extension 'ms-python.python CANNOT USE these API proposals 'contribEditorContentMenu, quickPickSortByLabel, testObserver, quickPickItemTooltip, terminalDataWriteEvent, terminalExecuteCommandEvent, codeActionAI, notebookReplDocument, notebookVariableProvider'. You MUST start in extension development mode or use the --enable-proposed-api command line flag
2025-04-12 21:20:28.185 [error] Extension 'ms-python.debugpy CANNOT USE these API proposals 'portsAttributes, debugVisualization, contribViewsWelcome'. You MUST start in extension development mode or use the --enable-proposed-api command line flag
2025-04-12 21:20:28.199 [error] [ms-python.python]: editor/content is a proposed menu identifier. It requires 'package.json#enabledApiProposals: ["contribEditorContentMenu"]' and is only available when running out of dev or with the following command line switch: --enable-proposed-api ms-python.python
2025-04-12 21:20:29.798 [error] An unknown error occurred. Please consult the log for more details.
