2025-04-25 19:50:20.496 [info] [main] Log level: Info
2025-04-25 19:50:20.496 [info] [main] Validating found git in: "git"
2025-04-25 19:50:20.496 [info] [main] Using git "2.49.0" from "git"
2025-04-25 19:50:20.496 [info] [Model][doInitialScan] Initial repository scan started
2025-04-25 19:50:20.496 [info] > git rev-parse --show-toplevel [1ms]
2025-04-25 19:50:20.496 [info] > git rev-parse --git-dir --git-common-dir [2ms]
2025-04-25 19:50:20.496 [info] [Model][openRepository] Opened repository: /home/aayush/.config
2025-04-25 19:50:20.507 [info] > git config --get commit.template [5ms]
2025-04-25 19:50:20.816 [info] > git for-each-ref --format=%(refname)%00%(upstream:short)%00%(objectname)%00%(upstream:track)%00%(upstream:remotename)%00%(upstream:remoteref) refs/heads/main refs/remotes/main [3ms]
2025-04-25 19:50:20.817 [warning] [Git][getBranch] No such branch: main
2025-04-25 19:50:20.842 [info] > git for-each-ref --sort -committerdate --format %(refname)%00%(objectname)%00%(*objectname) [12ms]
2025-04-25 19:50:20.872 [info] > git rev-parse --show-toplevel [1ms]
2025-04-25 19:50:20.881 [info] > git rev-parse --show-toplevel [1ms]
2025-04-25 19:50:20.889 [info] > git rev-parse --show-toplevel [2ms]
2025-04-25 19:50:20.897 [info] > git status -z -uall [75ms]
2025-04-25 19:50:20.950 [info] > git for-each-ref --format=%(refname)%00%(upstream:short)%00%(objectname)%00%(upstream:track)%00%(upstream:remotename)%00%(upstream:remoteref) refs/heads/main refs/remotes/main [9ms]
2025-04-25 19:50:20.950 [warning] [Git][getBranch] No such branch: main
2025-04-25 19:50:20.951 [error] [GitHistoryProvider][resolveHEADMergeBase] Failed to resolve merge base for main: Error: No such branch: main.
2025-04-25 19:50:20.951 [info] > git rev-parse --show-toplevel [55ms]
2025-04-25 19:50:20.972 [info] > git config --get commit.template [23ms]
2025-04-25 19:50:20.975 [info] > git rev-parse --show-toplevel [4ms]
2025-04-25 19:50:21.010 [info] > git for-each-ref --format=%(refname)%00%(upstream:short)%00%(objectname)%00%(upstream:track)%00%(upstream:remotename)%00%(upstream:remoteref) refs/heads/main refs/remotes/main [25ms]
2025-04-25 19:50:21.011 [warning] [Git][getBranch] No such branch: main
2025-04-25 19:50:21.309 [info] > git for-each-ref --sort -committerdate --format %(refname)%00%(objectname)%00%(*objectname) [283ms]
2025-04-25 19:50:21.310 [info] > git fetch [816ms]
2025-04-25 19:50:21.310 [info] Missing or invalid credentials.
Skip silent fetch commands
Missing or invalid credentials.
Skip silent fetch commands
remote: Repository not found.
fatal: Authentication failed for 'https://github.com/aayushsht074/hyprland-config.git/'
2025-04-25 19:50:21.311 [info] > git rev-parse --show-toplevel [318ms]
2025-04-25 19:50:21.361 [info] > git status -z -uall [343ms] (cancelled)
2025-04-25 19:50:21.361 [info] > git check-ignore -v -z --stdin [44ms]
2025-04-25 19:50:21.387 [info] > git rev-parse --show-toplevel [26ms]
2025-04-25 19:50:21.387 [info] > git config --get commit.template [32ms]
2025-04-25 19:50:21.401 [info] > git for-each-ref --format=%(refname)%00%(upstream:short)%00%(objectname)%00%(upstream:track)%00%(upstream:remotename)%00%(upstream:remoteref) refs/heads/main refs/remotes/main [2ms]
2025-04-25 19:50:21.401 [warning] [Git][getBranch] No such branch: main
2025-04-25 19:50:21.414 [info] > git rev-parse --show-toplevel [20ms]
2025-04-25 19:50:21.427 [info] > git for-each-ref --sort -committerdate --format %(refname)%00%(objectname)%00%(*objectname) [12ms]
2025-04-25 19:50:21.430 [info] > git rev-parse --show-toplevel [4ms]
2025-04-25 19:50:21.439 [info] > git rev-parse --show-toplevel [1ms]
2025-04-25 19:50:21.446 [info] > git rev-parse --show-toplevel [1ms]
2025-04-25 19:50:21.454 [info] > git rev-parse --show-toplevel [1ms]
2025-04-25 19:50:21.462 [info] > git status -z -uall [54ms]
2025-04-25 19:50:21.463 [info] > git rev-parse --show-toplevel [3ms]
2025-04-25 19:50:21.507 [info] > git rev-parse --show-toplevel [38ms]
2025-04-25 19:50:21.517 [info] > git rev-parse --show-toplevel [3ms]
2025-04-25 19:50:21.525 [info] > git rev-parse --show-toplevel [1ms]
2025-04-25 19:50:21.532 [info] > git rev-parse --show-toplevel [1ms]
2025-04-25 19:50:21.541 [info] > git rev-parse --show-toplevel [2ms]
2025-04-25 19:50:21.549 [info] > git rev-parse --show-toplevel [1ms]
2025-04-25 19:50:21.557 [info] > git rev-parse --show-toplevel [1ms]
2025-04-25 19:50:21.564 [info] > git rev-parse --show-toplevel [1ms]
2025-04-25 19:50:21.572 [info] > git rev-parse --show-toplevel [1ms]
2025-04-25 19:50:21.579 [info] > git rev-parse --show-toplevel [1ms]
2025-04-25 19:50:21.876 [info] > git rev-parse --show-toplevel [290ms]
2025-04-25 19:50:21.889 [info] > git rev-parse --show-toplevel [3ms]
2025-04-25 19:50:21.897 [info] > git rev-parse --show-toplevel [1ms]
2025-04-25 19:50:21.921 [info] > git rev-parse --show-toplevel [17ms]
2025-04-25 19:50:21.929 [info] > git rev-parse --show-toplevel [1ms]
2025-04-25 19:50:21.938 [info] > git rev-parse --show-toplevel [2ms]
2025-04-25 19:50:21.946 [info] > git rev-parse --show-toplevel [1ms]
2025-04-25 19:50:21.954 [info] > git rev-parse --show-toplevel [1ms]
2025-04-25 19:50:21.961 [info] > git rev-parse --show-toplevel [0ms]
2025-04-25 19:50:21.968 [info] > git rev-parse --show-toplevel [0ms]
2025-04-25 19:50:21.975 [info] > git rev-parse --show-toplevel [1ms]
2025-04-25 19:50:21.985 [info] > git rev-parse --show-toplevel [4ms]
2025-04-25 19:50:21.992 [info] > git rev-parse --show-toplevel [1ms]
2025-04-25 19:50:21.999 [info] > git rev-parse --show-toplevel [1ms]
2025-04-25 19:50:22.006 [info] > git rev-parse --show-toplevel [1ms]
2025-04-25 19:50:22.013 [info] > git rev-parse --show-toplevel [1ms]
2025-04-25 19:50:22.021 [info] > git rev-parse --show-toplevel [2ms]
2025-04-25 19:50:22.029 [info] > git rev-parse --show-toplevel [1ms]
2025-04-25 19:50:22.036 [info] > git rev-parse --show-toplevel [2ms]
2025-04-25 19:50:22.043 [info] > git rev-parse --show-toplevel [1ms]
2025-04-25 19:50:22.050 [info] > git rev-parse --show-toplevel [1ms]
2025-04-25 19:50:22.058 [info] > git rev-parse --show-toplevel [1ms]
2025-04-25 19:50:22.066 [info] > git rev-parse --show-toplevel [1ms]
2025-04-25 19:50:22.073 [info] > git rev-parse --show-toplevel [1ms]
2025-04-25 19:50:22.081 [info] > git rev-parse --show-toplevel [1ms]
2025-04-25 19:50:22.088 [info] > git rev-parse --show-toplevel [1ms]
2025-04-25 19:50:22.095 [info] > git rev-parse --show-toplevel [1ms]
2025-04-25 19:50:22.103 [info] > git rev-parse --show-toplevel [1ms]
2025-04-25 19:50:22.112 [info] > git rev-parse --show-toplevel [3ms]
2025-04-25 19:50:22.121 [info] > git rev-parse --show-toplevel [1ms]
2025-04-25 19:50:22.128 [info] > git rev-parse --show-toplevel [1ms]
2025-04-25 19:50:22.135 [info] > git rev-parse --show-toplevel [1ms]
2025-04-25 19:50:22.143 [info] > git rev-parse --show-toplevel [1ms]
2025-04-25 19:50:22.150 [info] > git rev-parse --show-toplevel [1ms]
2025-04-25 19:50:22.157 [info] > git rev-parse --show-toplevel [1ms]
2025-04-25 19:50:22.164 [info] > git rev-parse --show-toplevel [1ms]
2025-04-25 19:50:22.172 [info] > git rev-parse --show-toplevel [1ms]
2025-04-25 19:50:22.172 [info] [Model][doInitialScan] Initial repository scan completed - repositories (1), closed repositories (0), parent repositories (0), unsafe repositories (0)
2025-04-25 19:50:22.183 [info] > git config --get --local branch.main.github-pr-owner-number [2ms]
2025-04-25 19:50:22.183 [warning] [Git][config] git config failed: Failed to execute git
2025-04-25 19:50:22.192 [info] > git config --get --local branch.main.remote [2ms]
2025-04-25 19:50:22.192 [warning] [Git][config] git config failed: Failed to execute git
2025-04-25 19:50:22.200 [info] > git config --get --local branch.main.merge [1ms]
2025-04-25 19:50:22.200 [warning] [Git][config] git config failed: Failed to execute git
2025-04-25 19:50:23.461 [info] > git log --format=%H%n%aN%n%aE%n%at%n%ct%n%P%n%D%n%B -z --shortstat --diff-merges=first-parent -n50 --skip=0 --topo-order --decorate=full --stdin [1ms]
2025-04-25 19:50:23.461 [info] fatal: bad revision 'refs/heads/main'
2025-04-25 19:50:23.461 [error] [GitHistoryProvider][provideHistoryItems] Failed to get history items with options '{"historyItemRefs":["refs/heads/main"],"limit":50,"skip":0}': Failed to execute git {
  "exitCode": 128,
  "gitCommand": "log",
  "stdout": "",
  "stderr": "fatal: bad revision 'refs/heads/main'\n"
}
2025-04-25 19:50:23.653 [info] > git config --get commit.template [6ms]
2025-04-25 19:50:23.654 [info] > git for-each-ref --format=%(refname)%00%(upstream:short)%00%(objectname)%00%(upstream:track)%00%(upstream:remotename)%00%(upstream:remoteref) refs/heads/main refs/remotes/main [1ms]
2025-04-25 19:50:23.654 [warning] [Git][getBranch] No such branch: main
2025-04-25 19:50:23.672 [info] > git for-each-ref --sort -committerdate --format %(refname)%00%(objectname)%00%(*objectname) [4ms]
2025-04-25 19:50:23.717 [info] > git status -z -uall [56ms]
2025-04-25 19:50:24.181 [info] > git check-ignore -v -z --stdin [3ms]
2025-04-25 19:50:28.029 [info] > git check-ignore -v -z --stdin [4ms]
2025-04-25 19:50:28.769 [info] > git config --get commit.template [7ms]
2025-04-25 19:50:28.769 [info] > git for-each-ref --format=%(refname)%00%(upstream:short)%00%(objectname)%00%(upstream:track)%00%(upstream:remotename)%00%(upstream:remoteref) refs/heads/main refs/remotes/main [1ms]
2025-04-25 19:50:28.769 [warning] [Git][getBranch] No such branch: main
2025-04-25 19:50:28.784 [info] > git for-each-ref --sort -committerdate --format %(refname)%00%(objectname)%00%(*objectname) [2ms]
2025-04-25 19:50:28.826 [info] > git status -z -uall [51ms]
2025-04-25 19:50:29.922 [info] > git show --textconv :.git/COMMIT_EDITMSG [7ms]
2025-04-25 19:50:29.930 [info] > git ls-files --stage -- .git/COMMIT_EDITMSG [8ms]
2025-04-25 19:50:29.937 [info] > git hash-object -t tree /dev/null [1ms]
2025-04-25 19:50:29.937 [warning] [GitFileSystemProvider][stat] File not found - git:/home/aayush/.config/.git/COMMIT_EDITMSG.git?%7B%22path%22%3A%22%2Fhome%2Faayush%2F.config%2F.git%2FCOMMIT_EDITMSG%22%2C%22ref%22%3A%22%22%7D
2025-04-25 19:50:29.938 [info] > git hash-object -t tree /dev/null [9ms]
2025-04-25 19:50:29.938 [warning] [GitFileSystemProvider][readFile] File not found - git:/home/aayush/.config/.git/COMMIT_EDITMSG.git?%7B%22path%22%3A%22%2Fhome%2Faayush%2F.config%2F.git%2FCOMMIT_EDITMSG%22%2C%22ref%22%3A%22%22%7D
2025-04-25 19:50:30.253 [info] > git check-ignore -v -z --stdin [2ms]
2025-04-25 19:51:12.610 [info] > git -c user.useConfigOnly=true commit --quiet [43083ms]
2025-04-25 19:51:12.610 [info] Aborting commit due to empty commit message.
2025-04-25 19:51:12.624 [info] > git config --get commit.template [8ms]
2025-04-25 19:51:12.625 [info] > git for-each-ref --format=%(refname)%00%(upstream:short)%00%(objectname)%00%(upstream:track)%00%(upstream:remotename)%00%(upstream:remoteref) refs/heads/main refs/remotes/main [2ms]
2025-04-25 19:51:12.625 [warning] [Git][getBranch] No such branch: main
2025-04-25 19:51:12.640 [info] > git for-each-ref --sort -committerdate --format %(refname)%00%(objectname)%00%(*objectname) [1ms]
2025-04-25 19:51:12.693 [info] > git status -z -uall [62ms]
2025-04-25 19:51:12.729 [info] > git config --get commit.template [2ms]
2025-04-25 19:51:12.738 [info] > git for-each-ref --format=%(refname)%00%(upstream:short)%00%(objectname)%00%(upstream:track)%00%(upstream:remotename)%00%(upstream:remoteref) refs/heads/main refs/remotes/main [1ms]
2025-04-25 19:51:12.738 [warning] [Git][getBranch] No such branch: main
2025-04-25 19:51:12.752 [info] > git for-each-ref --sort -committerdate --format %(refname)%00%(objectname)%00%(*objectname) [1ms]
2025-04-25 19:51:12.797 [info] > git status -z -uall [53ms]
2025-04-25 19:51:17.837 [info] > git config --get commit.template [6ms]
2025-04-25 19:51:17.838 [info] > git for-each-ref --format=%(refname)%00%(upstream:short)%00%(objectname)%00%(upstream:track)%00%(upstream:remotename)%00%(upstream:remoteref) refs/heads/main refs/remotes/main [1ms]
2025-04-25 19:51:17.838 [warning] [Git][getBranch] No such branch: main
2025-04-25 19:51:17.852 [info] > git for-each-ref --sort -committerdate --format %(refname)%00%(objectname)%00%(*objectname) [1ms]
2025-04-25 19:51:17.893 [info] > git status -z -uall [50ms]
2025-04-25 19:51:22.948 [info] > git config --get commit.template [7ms]
2025-04-25 19:51:22.949 [info] > git for-each-ref --format=%(refname)%00%(upstream:short)%00%(objectname)%00%(upstream:track)%00%(upstream:remotename)%00%(upstream:remoteref) refs/heads/main refs/remotes/main [2ms]
2025-04-25 19:51:22.949 [warning] [Git][getBranch] No such branch: main
2025-04-25 19:51:22.962 [info] > git for-each-ref --sort -committerdate --format %(refname)%00%(objectname)%00%(*objectname) [1ms]
2025-04-25 19:51:23.004 [info] > git status -z -uall [50ms]
2025-04-25 19:51:25.224 [info] > git show --textconv :.git/COMMIT_EDITMSG [7ms]
2025-04-25 19:51:25.225 [warning] [GitFileSystemProvider][readFile] File not found - git:/home/aayush/.config/.git/COMMIT_EDITMSG.git?%7B%22path%22%3A%22%2Fhome%2Faayush%2F.config%2F.git%2FCOMMIT_EDITMSG%22%2C%22ref%22%3A%22%22%7D
2025-04-25 19:51:25.225 [info] > git ls-files --stage -- .git/COMMIT_EDITMSG [2ms]
2025-04-25 19:51:25.226 [warning] [GitFileSystemProvider][stat] File not found - git:/home/aayush/.config/.git/COMMIT_EDITMSG.git?%7B%22path%22%3A%22%2Fhome%2Faayush%2F.config%2F.git%2FCOMMIT_EDITMSG%22%2C%22ref%22%3A%22%22%7D
2025-04-25 19:52:57.652 [info] > git check-ignore -v -z --stdin [2ms]
2025-04-25 19:52:59.723 [info] > git log --format=%H%n%aN%n%aE%n%at%n%ct%n%P%n%D%n%B -z --shortstat --diff-merges=first-parent -n50 --skip=0 --topo-order --decorate=full --stdin [1ms]
2025-04-25 19:52:59.723 [info] fatal: bad revision 'refs/heads/main'
2025-04-25 19:52:59.724 [error] [GitHistoryProvider][provideHistoryItems] Failed to get history items with options '{"historyItemRefs":["refs/heads/main"],"limit":50,"skip":0}': Failed to execute git {
  "exitCode": 128,
  "gitCommand": "log",
  "stdout": "",
  "stderr": "fatal: bad revision 'refs/heads/main'\n"
}
2025-04-25 19:53:33.038 [info] > git -c user.useConfigOnly=true commit --quiet [128266ms]
2025-04-25 19:53:33.052 [info] > git config --get commit.template [7ms]
2025-04-25 19:53:33.052 [info] > git for-each-ref --format=%(refname)%00%(upstream:short)%00%(objectname)%00%(upstream:track)%00%(upstream:remotename)%00%(upstream:remoteref) refs/heads/main refs/remotes/main [1ms]
2025-04-25 19:53:33.068 [info] > git for-each-ref --sort -committerdate --format %(refname)%00%(objectname)%00%(*objectname) [1ms]
2025-04-25 19:53:33.114 [info] > git status -z -uall [54ms]
2025-04-25 19:53:33.145 [info] > git config --get commit.template [2ms]
2025-04-25 19:53:33.145 [info] > git config --get --local branch.main.github-pr-owner-number [9ms]
2025-04-25 19:53:33.145 [warning] [Git][config] git config failed: Failed to execute git
2025-04-25 19:53:33.159 [info] > git config --get --local branch.main.remote [7ms]
2025-04-25 19:53:33.159 [warning] [Git][config] git config failed: Failed to execute git
2025-04-25 19:53:33.172 [info] > git config --get --local branch.main.merge [7ms]
2025-04-25 19:53:33.172 [warning] [Git][config] git config failed: Failed to execute git
2025-04-25 19:53:33.173 [info] > git for-each-ref --format=%(refname)%00%(upstream:short)%00%(objectname)%00%(upstream:track)%00%(upstream:remotename)%00%(upstream:remoteref) refs/heads/main refs/remotes/main [2ms]
2025-04-25 19:53:33.184 [info] > git for-each-ref --sort -committerdate --format %(refname)%00%(objectname)%00%(*objectname) [1ms]
2025-04-25 19:53:33.226 [info] > git status -z -uall [48ms]
2025-04-25 19:53:33.266 [info] > git config --get commit.template [1ms]
2025-04-25 19:53:33.274 [info] > git for-each-ref --format=%(refname)%00%(upstream:short)%00%(objectname)%00%(upstream:track)%00%(upstream:remotename)%00%(upstream:remoteref) refs/heads/main refs/remotes/main [1ms]
2025-04-25 19:53:33.289 [info] > git for-each-ref --sort -committerdate --format %(refname)%00%(objectname)%00%(*objectname) [1ms]
2025-04-25 19:53:33.334 [info] > git status -z -uall [53ms]
2025-04-25 19:53:33.827 [info] > git check-ignore -v -z --stdin [2ms]
2025-04-25 19:53:34.033 [info] > git log --format=%H%n%aN%n%aE%n%at%n%ct%n%P%n%D%n%B -z --shortstat --diff-merges=first-parent -n50 --skip=0 --topo-order --decorate=full --stdin [875ms]
2025-04-25 19:53:38.244 [info] > git config --get commit.template [7ms]
2025-04-25 19:53:38.244 [info] > git for-each-ref --format=%(refname)%00%(upstream:short)%00%(objectname)%00%(upstream:track)%00%(upstream:remotename)%00%(upstream:remoteref) refs/heads/main refs/remotes/main [1ms]
2025-04-25 19:53:38.260 [info] > git for-each-ref --sort -committerdate --format %(refname)%00%(objectname)%00%(*objectname) [1ms]
2025-04-25 19:53:38.300 [info] > git status -z -uall [49ms]
2025-04-25 19:53:53.463 [info] > git config --get commit.template [6ms]
2025-04-25 19:53:53.464 [info] > git for-each-ref --format=%(refname)%00%(upstream:short)%00%(objectname)%00%(upstream:track)%00%(upstream:remotename)%00%(upstream:remoteref) refs/heads/main refs/remotes/main [1ms]
2025-04-25 19:53:53.479 [info] > git for-each-ref --sort -committerdate --format %(refname)%00%(objectname)%00%(*objectname) [1ms]
2025-04-25 19:53:53.520 [info] > git status -z -uall [50ms]
