2025-04-05 10:45:12.725 [info] Extension host with pid 18298 started
2025-04-05 10:45:12.745 [info] ExtensionService#_doActivateExtension vscode.emmet, startup: false, activationEvent: 'onLanguage'
2025-04-05 10:45:12.812 [info] ExtensionService#_doActivateExtension vscode.git-base, startup: true, activationEvent: '*', root cause: vscode.git
2025-04-05 10:45:12.818 [info] ExtensionService#_doActivateExtension vscode.git, startup: true, activationEvent: '*'
2025-04-05 10:45:12.855 [info] ExtensionService#_doActivateExtension vscode.github, startup: true, activationEvent: '*'
2025-04-05 10:45:12.905 [info] Eager extensions activated
2025-04-05 10:45:12.923 [info] ExtensionService#_doActivateExtension vscode.debug-auto-launch, startup: false, activationEvent: 'onStartupFinished'
2025-04-05 10:45:12.925 [info] ExtensionService#_doActivateExtension vscode.merge-conflict, startup: false, activationEvent: 'onStartupFinished'
2025-04-05 10:45:12.939 [info] ExtensionService#_doActivateExtension drcika.apc-extension, startup: false, activationEvent: 'onStartupFinished'
2025-04-05 10:45:12.943 [error] Activating extension drcika.apc-extension failed due to an error:
2025-04-05 10:45:12.943 [error] TypeError: Cannot read properties of undefined (reading 'filename')
	at Object.<anonymous> (/home/aayush/.vscode-oss/extensions/drcika.apc-extension-0.4.1-universal/dist/patch.js:17:52)
	at Module._compile (node:internal/modules/cjs/loader:1544:14)
	at Module._extensions..js (node:internal/modules/cjs/loader:1629:10)
	at Module.load (node:internal/modules/cjs/loader:1282:32)
	at Module._load (node:internal/modules/cjs/loader:1103:12)
	at c._load (node:electron/js2c/node_init:2:16955)
	at e._load (file:///usr/lib/code/out/vs/workbench/api/node/extensionHostProcess.js:197:1509)
	at t._load (file:///usr/lib/code/out/vs/workbench/api/node/extensionHostProcess.js:183:22390)
	at i._load (file:///usr/lib/code/out/vs/workbench/api/node/extensionHostProcess.js:175:24781)
	at Module.require (node:internal/modules/cjs/loader:1305:19)
	at require (node:internal/modules/helpers:182:18)
	at Object.<anonymous> (/home/aayush/.vscode-oss/extensions/drcika.apc-extension-0.4.1-universal/dist/extension.js:7:17)
	at Module._compile (node:internal/modules/cjs/loader:1544:14)
	at Module._extensions..js (node:internal/modules/cjs/loader:1629:10)
	at Module.load (node:internal/modules/cjs/loader:1282:32)
	at Module._load (node:internal/modules/cjs/loader:1103:12)
	at c._load (node:electron/js2c/node_init:2:16955)
	at e._load (file:///usr/lib/code/out/vs/workbench/api/node/extensionHostProcess.js:197:1509)
	at t._load (file:///usr/lib/code/out/vs/workbench/api/node/extensionHostProcess.js:183:22390)
	at i._load (file:///usr/lib/code/out/vs/workbench/api/node/extensionHostProcess.js:175:24781)
	at Module.require (node:internal/modules/cjs/loader:1305:19)
	at require (node:internal/modules/helpers:182:18)
	at vV.xb (file:///usr/lib/code/out/vs/workbench/api/node/extensionHostProcess.js:183:23710)
	at async Promise.all (index 0)
2025-04-05 10:45:12.944 [info] ExtensionService#_doActivateExtension vscode.configuration-editing, startup: false, activationEvent: 'onLanguage:jsonc'
2025-04-05 10:45:12.950 [info] ExtensionService#_doActivateExtension vscode.json-language-features, startup: false, activationEvent: 'onLanguage:jsonc'
2025-04-05 10:45:12.994 [info] ExtensionService#_doActivateExtension vscode.typescript-language-features, startup: false, activationEvent: 'onLanguage:jsonc'
2025-04-05 10:45:13.515 [info] ExtensionService#_doActivateExtension vscode.extension-editing, startup: false, activationEvent: 'onLanguage:json'
2025-04-05 10:45:13.526 [info] ExtensionService#_doActivateExtension vscode.npm, startup: false, activationEvent: 'onLanguage:json'
2025-04-05 10:45:22.651 [warning] vscode.json-language-features - Code actions of kind 'quickfix' requested but returned code action is of kind 'source.sort.json'. Code action will be dropped. Please check 'CodeActionContext.only' to only return requested code actions.
2025-04-05 10:50:50.650 [info] Extension host terminating: renderer closed the MessagePort
2025-04-05 10:50:50.657 [info] Extension host with pid 18298 exiting with code 0
