2025-04-12 21:16:37.812 [info] Getting Manifest... zhuangtongfa.material-theme
2025-04-12 21:16:38.211 [info] Installing extension: zhuangtongfa.material-theme {"isMachineScoped":false,"installPreReleaseVersion":false,"pinned":false,"profileLocation":{"$mid":1,"external":"vscode-userdata:/home/aayush/.vscode-oss/extensions/extensions.json","path":"/home/aayush/.vscode-oss/extensions/extensions.json","scheme":"vscode-userdata"},"isApplicationScoped":false,"productVersion":{"version":"1.99.2","date":"2025-04-10T20:33:23.184Z"}}
2025-04-12 21:16:38.767 [error] Could not load vsce-sign module Cannot find package '@vscode/vsce-sign' imported from /usr/lib/code/out/vs/code/electron-utility/sharedProcess/sharedProcessMain.js
2025-04-12 21:16:38.768 [info] Extension signature verification is not done: zhuangtongfa.material-theme
2025-04-12 21:16:38.842 [info] Extracted extension to file:///home/aayush/.vscode-oss/extensions/zhuangtongfa.material-theme-3.19.0-universal: zhuangtongfa.material-theme
2025-04-12 21:16:38.860 [info] Renamed to /home/aayush/.vscode-oss/extensions/zhuangtongfa.material-theme-3.19.0-universal
2025-04-12 21:16:38.882 [info] Extension installed successfully: zhuangtongfa.material-theme vscode-userdata:/home/aayush/.vscode-oss/extensions/extensions.json
2025-04-12 21:16:58.738 [info] Getting Manifest... pkief.material-product-icons
2025-04-12 21:16:59.013 [info] Installing extension: pkief.material-product-icons {"isMachineScoped":false,"installPreReleaseVersion":false,"pinned":false,"profileLocation":{"$mid":1,"external":"vscode-userdata:/home/aayush/.vscode-oss/extensions/extensions.json","path":"/home/aayush/.vscode-oss/extensions/extensions.json","scheme":"vscode-userdata"},"isApplicationScoped":false,"productVersion":{"version":"1.99.2","date":"2025-04-10T20:33:23.184Z"}}
2025-04-12 21:16:59.674 [error] Could not load vsce-sign module Cannot find package '@vscode/vsce-sign' imported from /usr/lib/code/out/vs/code/electron-utility/sharedProcess/sharedProcessMain.js
2025-04-12 21:16:59.674 [info] Extension signature verification is not done: pkief.material-product-icons
2025-04-12 21:16:59.683 [info] Extracted extension to file:///home/aayush/.vscode-oss/extensions/pkief.material-product-icons-1.7.1-universal: pkief.material-product-icons
2025-04-12 21:16:59.697 [info] Renamed to /home/aayush/.vscode-oss/extensions/pkief.material-product-icons-1.7.1-universal
2025-04-12 21:16:59.717 [info] Extension installed successfully: pkief.material-product-icons vscode-userdata:/home/aayush/.vscode-oss/extensions/extensions.json
2025-04-12 21:17:20.660 [info] Getting Manifest... castrogusttavo.symbols
2025-04-12 21:17:20.793 [info] Installing extension: castrogusttavo.symbols {"isMachineScoped":false,"installPreReleaseVersion":false,"pinned":false,"profileLocation":{"$mid":1,"external":"vscode-userdata:/home/aayush/.vscode-oss/extensions/extensions.json","path":"/home/aayush/.vscode-oss/extensions/extensions.json","scheme":"vscode-userdata"},"isApplicationScoped":false,"productVersion":{"version":"1.99.2","date":"2025-04-10T20:33:23.184Z"}}
2025-04-12 21:17:21.493 [error] Could not load vsce-sign module Cannot find package '@vscode/vsce-sign' imported from /usr/lib/code/out/vs/code/electron-utility/sharedProcess/sharedProcessMain.js
2025-04-12 21:17:21.493 [info] Extension signature verification is not done: castrogusttavo.symbols
2025-04-12 21:17:21.719 [info] Extracted extension to file:///home/aayush/.vscode-oss/extensions/castrogusttavo.symbols-0.0.18-universal: castrogusttavo.symbols
2025-04-12 21:17:21.741 [info] Renamed to /home/aayush/.vscode-oss/extensions/castrogusttavo.symbols-0.0.18-universal
2025-04-12 21:17:21.762 [info] Extension installed successfully: castrogusttavo.symbols vscode-userdata:/home/aayush/.vscode-oss/extensions/extensions.json
2025-04-12 21:20:23.773 [info] Getting Manifest... ms-python.python
2025-04-12 21:20:23.971 [info] Installing extension: ms-python.python {"isMachineScoped":false,"installPreReleaseVersion":false,"pinned":false,"profileLocation":{"$mid":1,"external":"vscode-userdata:/home/aayush/.vscode-oss/extensions/extensions.json","path":"/home/aayush/.vscode-oss/extensions/extensions.json","scheme":"vscode-userdata"},"isApplicationScoped":false,"productVersion":{"version":"1.99.2","date":"2025-04-10T20:33:23.184Z"}}
2025-04-12 21:20:24.014 [info] Getting Manifest... ms-python.debugpy
2025-04-12 21:20:24.236 [info] Installing extension: ms-python.debugpy {"isMachineScoped":false,"installPreReleaseVersion":false,"pinned":false,"profileLocation":{"$mid":1,"external":"vscode-userdata:/home/aayush/.vscode-oss/extensions/extensions.json","path":"/home/aayush/.vscode-oss/extensions/extensions.json","scheme":"vscode-userdata"},"isApplicationScoped":false,"productVersion":{"version":"1.99.2","date":"2025-04-10T20:33:23.184Z"},"context":{"dependecyOrPackExtensionInstall":true}}
2025-04-12 21:20:25.311 [error] Could not load vsce-sign module Cannot find package '@vscode/vsce-sign' imported from /usr/lib/code/out/vs/code/electron-utility/sharedProcess/sharedProcessMain.js
2025-04-12 21:20:25.311 [info] Extension signature verification is not done: ms-python.python
2025-04-12 21:20:26.262 [info] Extracted extension to file:///home/aayush/.vscode-oss/extensions/ms-python.python-2025.4.0-universal: ms-python.python
2025-04-12 21:20:26.325 [info] Renamed to /home/aayush/.vscode-oss/extensions/ms-python.python-2025.4.0-universal
2025-04-12 21:20:27.744 [error] Could not load vsce-sign module Cannot find package '@vscode/vsce-sign' imported from /usr/lib/code/out/vs/code/electron-utility/sharedProcess/sharedProcessMain.js
2025-04-12 21:20:27.744 [info] Extension signature verification is not done: ms-python.debugpy
2025-04-12 21:20:28.120 [info] Extracted extension to file:///home/aayush/.vscode-oss/extensions/ms-python.debugpy-2025.6.0-linux-x64: ms-python.debugpy
2025-04-12 21:20:28.143 [info] Renamed to /home/aayush/.vscode-oss/extensions/ms-python.debugpy-2025.6.0-linux-x64
2025-04-12 21:20:28.168 [info] Extension installed successfully: ms-python.python vscode-userdata:/home/aayush/.vscode-oss/extensions/extensions.json
2025-04-12 21:20:28.168 [info] Extension installed successfully: ms-python.debugpy vscode-userdata:/home/aayush/.vscode-oss/extensions/extensions.json
