2025-04-21 00:34:49.770 [info] [main] Log level: Info
2025-04-21 00:34:49.770 [info] [main] Validating found git in: "git"
2025-04-21 00:34:49.770 [info] [main] Using git "2.49.0" from "git"
2025-04-21 00:34:49.770 [info] [Model][doInitialScan] Initial repository scan started
2025-04-21 00:34:49.770 [info] [Model][doInitialScan] Initial repository scan completed - repositories (0), closed repositories (0), parent repositories (0), unsafe repositories (0)
2025-04-21 00:35:23.593 [info] [main] Log level: Info
2025-04-21 00:35:23.593 [info] [main] Validating found git in: "git"
2025-04-21 00:35:23.593 [info] [main] Using git "2.49.0" from "git"
2025-04-21 00:35:23.593 [info] [Model][doInitialScan] Initial repository scan started
2025-04-21 00:35:23.593 [info] > git rev-parse --show-toplevel [2ms]
2025-04-21 00:35:23.593 [info] fatal: not a git repository (or any parent up to mount point /run/media/aayush)
Stopping at filesystem boundary (GIT_DISCOVERY_ACROSS_FILESYSTEM not set).
2025-04-21 00:35:23.604 [info] > git rev-parse --show-toplevel [2ms]
2025-04-21 00:35:23.604 [info] fatal: not a git repository (or any parent up to mount point /run/media/aayush)
Stopping at filesystem boundary (GIT_DISCOVERY_ACROSS_FILESYSTEM not set).
2025-04-21 00:35:23.611 [info] > git rev-parse --show-toplevel [1ms]
2025-04-21 00:35:23.612 [info] fatal: not a git repository (or any parent up to mount point /run/media/aayush)
Stopping at filesystem boundary (GIT_DISCOVERY_ACROSS_FILESYSTEM not set).
2025-04-21 00:35:23.612 [info] [Model][doInitialScan] Initial repository scan completed - repositories (0), closed repositories (0), parent repositories (0), unsafe repositories (0)
2025-04-21 00:35:33.856 [info] > git rev-parse --show-toplevel [2ms]
2025-04-21 00:35:33.856 [info] fatal: not a git repository (or any parent up to mount point /run/media/aayush)
Stopping at filesystem boundary (GIT_DISCOVERY_ACROSS_FILESYSTEM not set).
2025-04-21 00:36:09.993 [info] > git rev-parse --show-toplevel [1ms]
2025-04-21 00:36:09.993 [info] fatal: not a git repository (or any parent up to mount point /run/media/aayush)
Stopping at filesystem boundary (GIT_DISCOVERY_ACROSS_FILESYSTEM not set).
2025-04-21 00:37:27.721 [info] > git rev-parse --show-toplevel [2ms]
2025-04-21 00:37:27.721 [info] fatal: not a git repository (or any parent up to mount point /run/media/aayush)
Stopping at filesystem boundary (GIT_DISCOVERY_ACROSS_FILESYSTEM not set).
