2025-04-25 19:35:46.792 [info] Reading sessions from keychain...
2025-04-25 19:35:46.792 [info] Getting sessions for all scopes...
2025-04-25 19:35:46.792 [info] Getting sessions for all scopes...
2025-04-25 19:35:46.792 [info] Getting sessions for all scopes...
2025-04-25 19:35:46.792 [info] Getting sessions for all scopes...
2025-04-25 19:35:46.792 [info] Getting sessions for all scopes...
2025-04-25 19:35:46.792 [info] Getting sessions for all scopes...
2025-04-25 19:35:46.792 [info] Getting sessions for all scopes...
2025-04-25 19:35:46.792 [info] Getting sessions for all scopes...
2025-04-25 19:35:46.792 [info] Getting sessions for all scopes...
2025-04-25 19:35:46.792 [info] Got 0 sessions for ...
2025-04-25 19:35:46.792 [info] Got 0 sessions for ...
2025-04-25 19:35:46.792 [info] Got 0 sessions for ...
2025-04-25 19:35:46.792 [info] Got 0 sessions for ...
2025-04-25 19:35:46.792 [info] Got 0 sessions for ...
2025-04-25 19:35:46.792 [info] Got 0 sessions for ...
2025-04-25 19:35:46.792 [info] Got 0 sessions for ...
2025-04-25 19:35:46.792 [info] Got 0 sessions for ...
2025-04-25 19:35:46.792 [info] Got 0 sessions for ...
2025-04-25 19:35:48.534 [info] Getting sessions for all scopes...
2025-04-25 19:35:48.534 [info] Got 0 sessions for ...
2025-04-25 19:35:59.384 [info] Reading sessions from keychain...
2025-04-25 19:35:59.384 [info] Getting sessions for all scopes...
2025-04-25 19:35:59.384 [info] Getting sessions for all scopes...
2025-04-25 19:35:59.384 [info] Getting sessions for all scopes...
2025-04-25 19:35:59.384 [info] Getting sessions for all scopes...
2025-04-25 19:35:59.384 [info] Got 0 sessions for ...
2025-04-25 19:35:59.384 [info] Got 0 sessions for ...
2025-04-25 19:35:59.384 [info] Got 0 sessions for ...
2025-04-25 19:35:59.384 [info] Got 0 sessions for ...
2025-04-25 19:35:59.384 [info] Getting sessions for all scopes...
2025-04-25 19:35:59.384 [info] Got 0 sessions for ...
2025-04-25 19:35:59.384 [info] Getting sessions for all scopes...
2025-04-25 19:35:59.384 [info] Got 0 sessions for ...
2025-04-25 19:35:59.384 [info] Getting sessions for all scopes...
2025-04-25 19:35:59.384 [info] Got 0 sessions for ...
2025-04-25 19:35:59.384 [info] Getting sessions for all scopes...
2025-04-25 19:35:59.384 [info] Got 0 sessions for ...
2025-04-25 19:35:59.384 [info] Getting sessions for all scopes...
2025-04-25 19:35:59.384 [info] Got 0 sessions for ...
2025-04-25 19:36:01.203 [info] Getting sessions for all scopes...
2025-04-25 19:36:01.203 [info] Got 0 sessions for ...
2025-04-25 19:40:36.304 [info] Getting sessions for project,read:org,read:user,repo,user:email,workflow...
2025-04-25 19:40:36.304 [info] Got 0 sessions for project,read:org,read:user,repo,user:email,workflow...
2025-04-25 19:40:36.305 [info] Getting sessions for read:user,repo,user:email,workflow...
2025-04-25 19:40:36.305 [info] Got 0 sessions for read:user,repo,user:email,workflow...
2025-04-25 19:40:36.306 [info] Getting sessions for read:user,repo,user:email...
2025-04-25 19:40:36.306 [info] Got 0 sessions for read:user,repo,user:email...
2025-04-25 19:40:36.307 [info] Getting sessions for read:user,repo,user:email,workflow...
2025-04-25 19:40:36.307 [info] Got 0 sessions for read:user,repo,user:email,workflow...
2025-04-25 19:40:40.916 [info] Getting sessions for read:user,repo,user:email,workflow...
2025-04-25 19:40:40.916 [info] Got 0 sessions for read:user,repo,user:email,workflow...
2025-04-25 19:40:42.258 [info] Logging in with 'any' account...
2025-04-25 19:40:42.259 [info] Logging in for the following scopes: read:user repo user:email workflow
2025-04-25 19:40:42.261 [info] Trying without local server... (read:user repo user:email workflow)
2025-04-25 19:41:41.272 [info] Exchanging code for token...
2025-04-25 19:41:41.478 [info] Token exchange success!
2025-04-25 19:41:41.478 [info] Getting user info...
2025-04-25 19:41:41.697 [info] Got account info!
2025-04-25 19:41:41.697 [info] Storing 1 sessions...
2025-04-25 19:41:41.699 [info] Reading sessions from keychain...
2025-04-25 19:41:41.699 [info] Stored 1 sessions!
2025-04-25 19:41:41.699 [info] Login success!
2025-04-25 19:41:41.699 [info] Getting sessions for all scopes...
2025-04-25 19:41:41.700 [info] Getting sessions for all scopes...
2025-04-25 19:41:41.702 [info] Getting sessions for all scopes...
2025-04-25 19:41:41.702 [info] Getting sessions for all scopes...
2025-04-25 19:41:41.710 [info] Got stored sessions!
2025-04-25 19:41:41.710 [info] Got 1 verified sessions.
2025-04-25 19:41:41.710 [info] Got 1 sessions for ...
2025-04-25 19:41:41.710 [info] Got 1 sessions for ...
2025-04-25 19:41:41.710 [info] Got 1 sessions for ...
2025-04-25 19:41:41.710 [info] Got 1 sessions for ...
2025-04-25 19:41:41.712 [info] Getting sessions for project,read:org,read:user,repo,user:email,workflow...
2025-04-25 19:41:41.712 [info] Got 0 sessions for project,read:org,read:user,repo,user:email,workflow...
2025-04-25 19:41:41.713 [info] Getting sessions for read:user,repo,user:email,workflow...
2025-04-25 19:41:41.713 [info] Got 1 sessions for read:user,repo,user:email,workflow...
2025-04-25 19:42:08.560 [info] Logging in with 'any' account...
2025-04-25 19:42:08.560 [info] Logging in for the following scopes: read:user repo user:email workflow
2025-04-25 19:42:08.561 [info] Trying without local server... (read:user repo user:email workflow)
2025-04-25 19:42:17.121 [info] Exchanging code for token...
2025-04-25 19:42:17.348 [info] Token exchange success!
2025-04-25 19:42:17.348 [info] Getting user info...
2025-04-25 19:42:17.528 [info] Got account info!
2025-04-25 19:42:17.528 [info] Storing 1 sessions...
2025-04-25 19:42:17.529 [info] Reading sessions from keychain...
2025-04-25 19:42:17.529 [info] Stored 1 sessions!
2025-04-25 19:42:17.529 [info] Login success!
2025-04-25 19:42:17.529 [info] Getting sessions for all scopes...
2025-04-25 19:42:17.530 [info] Getting sessions for all scopes...
2025-04-25 19:42:17.530 [info] Got stored sessions!
2025-04-25 19:42:17.530 [info] Got 1 verified sessions.
2025-04-25 19:42:17.530 [info] Got 1 sessions for ...
2025-04-25 19:42:17.530 [info] Got 1 sessions for ...
2025-04-25 19:42:17.530 [info] Getting sessions for all scopes...
2025-04-25 19:42:17.530 [info] Got 1 sessions for ...
2025-04-25 19:42:17.531 [info] Getting sessions for all scopes...
2025-04-25 19:42:17.531 [info] Got 1 sessions for ...
2025-04-25 19:42:17.531 [info] Getting sessions for read:user,repo,user:email,workflow...
2025-04-25 19:42:17.531 [info] Got 1 sessions for read:user,repo,user:email,workflow...
2025-04-25 19:42:17.532 [info] Getting sessions for project,read:org,read:user,repo,user:email,workflow...
2025-04-25 19:42:17.532 [info] Got 0 sessions for project,read:org,read:user,repo,user:email,workflow...
2025-04-25 19:42:17.533 [info] Getting sessions for read:user,repo,user:email,workflow...
2025-04-25 19:42:17.533 [info] Got 1 sessions for read:user,repo,user:email,workflow...
2025-04-25 19:43:46.480 [info] Getting sessions for read:user,repo,user:email,workflow...
2025-04-25 19:43:46.480 [info] Got 1 sessions for read:user,repo,user:email,workflow...
