2025-04-25 19:35:46.576 [info] Extension host with pid 1593 started
2025-04-25 19:35:46.608 [info] ExtensionService#_doActivateExtension vscode.github-authentication, startup: false, activationEvent: 'onAuthenticationRequest:github'
2025-04-25 19:35:46.631 [info] ExtensionService#_doActivateExtension vscode.emmet, startup: false, activationEvent: 'onLanguage'
2025-04-25 19:35:46.667 [info] ExtensionService#_doActivateExtension vscode.git-base, startup: true, activationEvent: '*', root cause: vscode.git
2025-04-25 19:35:46.669 [info] ExtensionService#_doActivateExtension be5invis.vscode-custom-css, startup: true, activationEvent: '*'
2025-04-25 19:35:46.708 [info] ExtensionService#_doActivateExtension vscode.git, startup: true, activationEvent: '*'
2025-04-25 19:35:46.752 [info] ExtensionService#_doActivateExtension vscode.github, startup: true, activationEvent: '*'
2025-04-25 19:35:46.806 [info] Eager extensions activated
2025-04-25 19:35:46.810 [info] ExtensionService#_doActivateExtension vscode.debug-auto-launch, startup: false, activationEvent: 'onStartupFinished'
2025-04-25 19:35:46.818 [info] ExtensionService#_doActivateExtension vscode.merge-conflict, startup: false, activationEvent: 'onStartupFinished'
2025-04-25 19:35:46.839 [info] ExtensionService#_doActivateExtension drcika.apc-extension, startup: false, activationEvent: 'onStartupFinished'
2025-04-25 19:35:46.865 [error] Activating extension drcika.apc-extension failed due to an error:
2025-04-25 19:35:46.865 [error] TypeError: Cannot read properties of undefined (reading 'filename')
	at Object.<anonymous> (/home/aayush/.vscode/extensions/drcika.apc-extension-0.4.1/dist/patch.js:17:52)
	at Module._compile (node:internal/modules/cjs/loader:1484:14)
	at Module._extensions..js (node:internal/modules/cjs/loader:1564:10)
	at Module.load (node:internal/modules/cjs/loader:1295:32)
	at Module._load (node:internal/modules/cjs/loader:1111:12)
	at c._load (node:electron/js2c/node_init:2:16955)
	at e._load (file:///opt/visual-studio-code/resources/app/out/vs/workbench/api/node/extensionHostProcess.js:197:1509)
	at t._load (file:///opt/visual-studio-code/resources/app/out/vs/workbench/api/node/extensionHostProcess.js:183:22390)
	at i._load (file:///opt/visual-studio-code/resources/app/out/vs/workbench/api/node/extensionHostProcess.js:175:24781)
	at Module.require (node:internal/modules/cjs/loader:1318:19)
	at require (node:internal/modules/helpers:179:18)
	at Object.<anonymous> (/home/aayush/.vscode/extensions/drcika.apc-extension-0.4.1/dist/extension.js:7:17)
	at Module._compile (node:internal/modules/cjs/loader:1484:14)
	at Module._extensions..js (node:internal/modules/cjs/loader:1564:10)
	at Module.load (node:internal/modules/cjs/loader:1295:32)
	at Module._load (node:internal/modules/cjs/loader:1111:12)
	at c._load (node:electron/js2c/node_init:2:16955)
	at e._load (file:///opt/visual-studio-code/resources/app/out/vs/workbench/api/node/extensionHostProcess.js:197:1509)
	at t._load (file:///opt/visual-studio-code/resources/app/out/vs/workbench/api/node/extensionHostProcess.js:183:22390)
	at i._load (file:///opt/visual-studio-code/resources/app/out/vs/workbench/api/node/extensionHostProcess.js:175:24781)
	at Module.require (node:internal/modules/cjs/loader:1318:19)
	at require (node:internal/modules/helpers:179:18)
	at vV.xb (file:///opt/visual-studio-code/resources/app/out/vs/workbench/api/node/extensionHostProcess.js:183:23710)
	at async Promise.all (index 0)
2025-04-25 19:35:46.865 [info] ExtensionService#_doActivateExtension esbenp.prettier-vscode, startup: false, activationEvent: 'onStartupFinished'
2025-04-25 19:35:46.919 [info] ExtensionService#_doActivateExtension miguelsolorio.symbols, startup: false, activationEvent: 'onStartupFinished'
2025-04-25 19:35:46.924 [info] ExtensionService#_doActivateExtension subframe7536.custom-ui-style, startup: false, activationEvent: 'onStartupFinished'
2025-04-25 19:35:46.928 [info] ExtensionService#_doActivateExtension zhuangtongfa.material-theme, startup: false, activationEvent: 'onStartupFinished'
2025-04-25 19:35:58.271 [info] Extension host terminating: renderer closed the MessagePort
2025-04-25 19:35:58.275 [info] Extension host with pid 1593 exiting with code 0
2025-04-25 19:35:59.095 [info] Extension host with pid 1654 started
2025-04-25 19:35:59.095 [info] Skipping acquiring lock for /home/aayush/.config/Code/User/workspaceStorage/e00d5a63a0cbac884c82e5cec28fac89.
2025-04-25 19:35:59.181 [info] ExtensionService#_doActivateExtension vscode.github-authentication, startup: false, activationEvent: 'onAuthenticationRequest:github'
2025-04-25 19:35:59.217 [info] ExtensionService#_doActivateExtension vscode.configuration-editing, startup: false, activationEvent: 'onLanguage:jsonc'
2025-04-25 19:35:59.224 [info] ExtensionService#_doActivateExtension vscode.json-language-features, startup: false, activationEvent: 'onLanguage:jsonc'
2025-04-25 19:35:59.274 [info] ExtensionService#_doActivateExtension vscode.typescript-language-features, startup: false, activationEvent: 'onLanguage:jsonc'
2025-04-25 19:35:59.322 [info] ExtensionService#_doActivateExtension vscode.emmet, startup: false, activationEvent: 'onLanguage'
2025-04-25 19:35:59.352 [info] ExtensionService#_doActivateExtension vscode.git-base, startup: true, activationEvent: '*'
2025-04-25 19:35:59.362 [info] ExtensionService#_doActivateExtension vscode.github, startup: true, activationEvent: '*'
2025-04-25 19:35:59.387 [info] Eager extensions activated
2025-04-25 19:35:59.387 [info] ExtensionService#_doActivateExtension vscode.debug-auto-launch, startup: false, activationEvent: 'onStartupFinished'
2025-04-25 19:35:59.389 [info] ExtensionService#_doActivateExtension vscode.merge-conflict, startup: false, activationEvent: 'onStartupFinished'
2025-04-25 19:35:59.401 [info] ExtensionService#_doActivateExtension drcika.apc-extension, startup: false, activationEvent: 'onStartupFinished'
2025-04-25 19:35:59.404 [error] Activating extension drcika.apc-extension failed due to an error:
2025-04-25 19:35:59.404 [error] TypeError: Cannot read properties of undefined (reading 'filename')
	at Object.<anonymous> (/home/aayush/.vscode/extensions/drcika.apc-extension-0.4.1/dist/patch.js:17:52)
	at Module._compile (node:internal/modules/cjs/loader:1484:14)
	at Module._extensions..js (node:internal/modules/cjs/loader:1564:10)
	at Module.load (node:internal/modules/cjs/loader:1295:32)
	at Module._load (node:internal/modules/cjs/loader:1111:12)
	at c._load (node:electron/js2c/node_init:2:16955)
	at e._load (file:///opt/visual-studio-code/resources/app/out/vs/workbench/api/node/extensionHostProcess.js:197:1509)
	at t._load (file:///opt/visual-studio-code/resources/app/out/vs/workbench/api/node/extensionHostProcess.js:183:22390)
	at i._load (file:///opt/visual-studio-code/resources/app/out/vs/workbench/api/node/extensionHostProcess.js:175:24781)
	at Module.require (node:internal/modules/cjs/loader:1318:19)
	at require (node:internal/modules/helpers:179:18)
	at Object.<anonymous> (/home/aayush/.vscode/extensions/drcika.apc-extension-0.4.1/dist/extension.js:7:17)
	at Module._compile (node:internal/modules/cjs/loader:1484:14)
	at Module._extensions..js (node:internal/modules/cjs/loader:1564:10)
	at Module.load (node:internal/modules/cjs/loader:1295:32)
	at Module._load (node:internal/modules/cjs/loader:1111:12)
	at c._load (node:electron/js2c/node_init:2:16955)
	at e._load (file:///opt/visual-studio-code/resources/app/out/vs/workbench/api/node/extensionHostProcess.js:197:1509)
	at t._load (file:///opt/visual-studio-code/resources/app/out/vs/workbench/api/node/extensionHostProcess.js:183:22390)
	at i._load (file:///opt/visual-studio-code/resources/app/out/vs/workbench/api/node/extensionHostProcess.js:175:24781)
	at Module.require (node:internal/modules/cjs/loader:1318:19)
	at require (node:internal/modules/helpers:179:18)
	at vV.xb (file:///opt/visual-studio-code/resources/app/out/vs/workbench/api/node/extensionHostProcess.js:183:23710)
	at async Promise.all (index 0)
2025-04-25 19:35:59.404 [info] ExtensionService#_doActivateExtension esbenp.prettier-vscode, startup: false, activationEvent: 'onStartupFinished'
2025-04-25 19:35:59.450 [info] ExtensionService#_doActivateExtension miguelsolorio.symbols, startup: false, activationEvent: 'onStartupFinished'
2025-04-25 19:35:59.452 [info] ExtensionService#_doActivateExtension zhuangtongfa.material-theme, startup: false, activationEvent: 'onStartupFinished'
2025-04-25 19:36:01.741 [info] ExtensionService#_doActivateExtension vscode.git, startup: false, activationEvent: 'api', root cause: vscode.github
2025-04-25 19:36:01.790 [info] ExtensionService#_doActivateExtension be5invis.vscode-custom-css, startup: false, activationEvent: '*'
2025-04-25 19:36:01.797 [info] ExtensionService#_doActivateExtension subframe7536.custom-ui-style, startup: false, activationEvent: 'onStartupFinished'
2025-04-25 19:40:36.227 [info] ExtensionService#_doActivateExtension GitHub.vscode-pull-request-github, startup: false, activationEvent: 'onStartupFinished'
2025-04-25 19:42:57.656 [warning] [Decorations] CAPPING events from decorations provider vscode.git 4220
2025-04-25 19:42:59.850 [warning] [Decorations] CAPPING events from decorations provider vscode.git 4220
2025-04-25 19:43:04.908 [warning] [Decorations] CAPPING events from decorations provider vscode.git 4220
2025-04-25 19:43:09.972 [warning] [Decorations] CAPPING events from decorations provider vscode.git 4220
2025-04-25 19:43:15.041 [warning] [Decorations] CAPPING events from decorations provider vscode.git 4220
2025-04-25 19:43:20.110 [warning] [Decorations] CAPPING events from decorations provider vscode.git 4220
2025-04-25 19:43:25.176 [warning] [Decorations] CAPPING events from decorations provider vscode.git 4220
2025-04-25 19:43:30.243 [warning] [Decorations] CAPPING events from decorations provider vscode.git 4220
2025-04-25 19:43:35.307 [warning] [Decorations] CAPPING events from decorations provider vscode.git 4220
2025-04-25 19:43:40.359 [warning] [Decorations] CAPPING events from decorations provider vscode.git 4220
2025-04-25 19:43:45.413 [warning] [Decorations] CAPPING events from decorations provider vscode.git 4220
2025-04-25 19:43:46.103 [warning] [Decorations] CAPPING events from decorations provider vscode.git 4220
2025-04-25 19:43:46.803 [warning] [Decorations] CAPPING events from decorations provider vscode.git 4220
2025-04-25 19:43:50.473 [warning] [Decorations] CAPPING events from decorations provider vscode.git 4220
2025-04-25 19:43:55.530 [warning] [Decorations] CAPPING events from decorations provider vscode.git 4220
2025-04-25 19:44:00.594 [warning] [Decorations] CAPPING events from decorations provider vscode.git 4220
2025-04-25 19:44:05.658 [warning] [Decorations] CAPPING events from decorations provider vscode.git 4220
