[INFO 19:50:20] miguelsolorio.symbols activated
[INFO 19:50:20]  symbols.defaultAssociations changed, updating to true
[INFO 19:50:20]  symbols.hidesExplorerArrows changed, updating to false
[INFO 19:50:20]  symbols.folders.associations changed, updating to undefined
[INFO 19:50:20]  symbols.files.associations changed, updating to undefined
[INFO 19:50:20]  symbols.defaultAssociations changed, updating to true
[INFO 19:50:20]  symbols.hidesExplorerArrows changed, updating to false
[INFO 19:50:20]  symbols.folders.associations changed, updating to undefined
[INFO 19:50:20]  symbols.files.associations changed, updating to undefined
[INFO 19:50:20]  symbols.defaultAssociations changed, updating to true
[INFO 19:50:20]  symbols.hidesExplorerArrows changed, updating to false
[INFO 19:50:20]  symbols.folders.associations changed, updating to undefined
[INFO 19:50:20]  symbols.files.associations changed, updating to undefined
[INFO 19:50:22]  symbols.defaultAssociations changed, updating to true
[INFO 19:50:22]  symbols.hidesExplorerArrows changed, updating to false
[INFO 19:50:22]  symbols.folders.associations changed, updating to undefined
[INFO 19:50:22]  symbols.files.associations changed, updating to undefined
[INFO 19:50:23]  symbols.defaultAssociations changed, updating to true
[INFO 19:50:23]  symbols.hidesExplorerArrows changed, updating to false
[INFO 19:50:23]  symbols.folders.associations changed, updating to undefined
[INFO 19:50:23]  symbols.files.associations changed, updating to undefined
