2025-04-02 23:55:53.473 [info] Extension host with pid 1567 started
2025-04-02 23:55:53.548 [info] ExtensionService#_doActivateExtension vscode.emmet, startup: false, activationEvent: 'onLanguage'
2025-04-02 23:55:53.566 [info] ExtensionService#_doActivateExtension vscode.configuration-editing, startup: false, activationEvent: 'onLanguage:json'
2025-04-02 23:55:53.579 [info] ExtensionService#_doActivateExtension vscode.extension-editing, startup: false, activationEvent: 'onLanguage:json'
2025-04-02 23:55:53.590 [info] ExtensionService#_doActivateExtension vscode.json-language-features, startup: false, activationEvent: 'onLanguage:json'
2025-04-02 23:55:53.653 [info] ExtensionService#_doActivateExtension vscode.npm, startup: false, activationEvent: 'onLanguage:json'
2025-04-02 23:55:54.548 [info] ExtensionService#_doActivateExtension vscode.git-base, startup: true, activationEvent: '*', root cause: vscode.git
2025-04-02 23:55:54.590 [info] ExtensionService#_doActivateExtension vscode.git, startup: true, activationEvent: '*'
2025-04-02 23:55:54.919 [info] ExtensionService#_doActivateExtension vscode.github, startup: true, activationEvent: '*'
2025-04-02 23:55:55.014 [info] Eager extensions activated
2025-04-02 23:55:55.044 [info] ExtensionService#_doActivateExtension vscode.debug-auto-launch, startup: false, activationEvent: 'onStartupFinished'
2025-04-02 23:55:55.047 [info] ExtensionService#_doActivateExtension vscode.merge-conflict, startup: false, activationEvent: 'onStartupFinished'
2025-04-02 23:55:55.071 [info] ExtensionService#_doActivateExtension drcika.apc-extension, startup: false, activationEvent: 'onStartupFinished'
2025-04-02 23:55:55.076 [error] Activating extension drcika.apc-extension failed due to an error:
2025-04-02 23:55:55.076 [error] TypeError: Cannot read properties of undefined (reading 'filename')
	at Object.<anonymous> (/home/aayush/.vscode-oss/extensions/drcika.apc-extension-0.4.1-universal/dist/patch.js:17:52)
	at Module._compile (node:internal/modules/cjs/loader:1484:14)
	at Module._extensions..js (node:internal/modules/cjs/loader:1564:10)
	at Module.load (node:internal/modules/cjs/loader:1295:32)
	at Module._load (node:internal/modules/cjs/loader:1111:12)
	at c._load (node:electron/js2c/node_init:2:16955)
	at e._load (file:///usr/lib/code/out/vs/workbench/api/node/extensionHostProcess.js:190:10924)
	at t._load (file:///usr/lib/code/out/vs/workbench/api/node/extensionHostProcess.js:182:22404)
	at i._load (file:///usr/lib/code/out/vs/workbench/api/node/extensionHostProcess.js:174:21729)
	at Module.require (node:internal/modules/cjs/loader:1318:19)
	at require (node:internal/modules/helpers:179:18)
	at Object.<anonymous> (/home/aayush/.vscode-oss/extensions/drcika.apc-extension-0.4.1-universal/dist/extension.js:7:17)
	at Module._compile (node:internal/modules/cjs/loader:1484:14)
	at Module._extensions..js (node:internal/modules/cjs/loader:1564:10)
	at Module.load (node:internal/modules/cjs/loader:1295:32)
	at Module._load (node:internal/modules/cjs/loader:1111:12)
	at c._load (node:electron/js2c/node_init:2:16955)
	at e._load (file:///usr/lib/code/out/vs/workbench/api/node/extensionHostProcess.js:190:10924)
	at t._load (file:///usr/lib/code/out/vs/workbench/api/node/extensionHostProcess.js:182:22404)
	at i._load (file:///usr/lib/code/out/vs/workbench/api/node/extensionHostProcess.js:174:21729)
	at Module.require (node:internal/modules/cjs/loader:1318:19)
	at require (node:internal/modules/helpers:179:18)
	at zz.xb (file:///usr/lib/code/out/vs/workbench/api/node/extensionHostProcess.js:182:23724)
	at async Promise.all (index 0)
2025-04-03 00:00:40.590 [info] Extension host terminating: renderer closed the MessagePort
2025-04-03 00:00:40.599 [info] Extension host with pid 1567 exiting with code 0
