2025-04-12 21:15:24.659 [info] [main] Log level: Info
2025-04-12 21:15:24.659 [info] [main] Validating found git in: "git"
2025-04-12 21:15:24.659 [info] [main] Using git "2.49.0" from "git"
2025-04-12 21:15:24.659 [info] [Model][doInitialScan] Initial repository scan started
2025-04-12 21:15:24.659 [info] [Model][doInitialScan] Initial repository scan completed - repositories (0), closed repositories (0), parent repositories (0), unsafe repositories (0)
2025-04-12 21:17:53.605 [info] [main] Log level: Info
2025-04-12 21:17:53.605 [info] [main] Validating found git in: "git"
2025-04-12 21:17:53.605 [info] [main] Using git "2.49.0" from "git"
2025-04-12 21:17:53.605 [info] [Model][doInitialScan] Initial repository scan started
2025-04-12 21:17:53.605 [info] > git rev-parse --show-toplevel [5ms]
2025-04-12 21:17:53.605 [info] fatal: not a git repository (or any parent up to mount point /run/media/aayush)
Stopping at filesystem boundary (GIT_DISCOVERY_ACROSS_FILESYSTEM not set).
2025-04-12 21:17:53.618 [info] > git rev-parse --show-toplevel [3ms]
2025-04-12 21:17:53.618 [info] fatal: not a git repository (or any parent up to mount point /run/media/aayush)
Stopping at filesystem boundary (GIT_DISCOVERY_ACROSS_FILESYSTEM not set).
2025-04-12 21:17:53.626 [info] > git rev-parse --show-toplevel [1ms]
2025-04-12 21:17:53.626 [info] fatal: not a git repository (or any parent up to mount point /run/media/aayush)
Stopping at filesystem boundary (GIT_DISCOVERY_ACROSS_FILESYSTEM not set).
2025-04-12 21:17:53.627 [info] [Model][doInitialScan] Initial repository scan completed - repositories (0), closed repositories (0), parent repositories (0), unsafe repositories (0)
2025-04-12 21:17:57.035 [info] > git rev-parse --show-toplevel [2ms]
2025-04-12 21:17:57.035 [info] fatal: not a git repository (or any parent up to mount point /run/media/aayush)
Stopping at filesystem boundary (GIT_DISCOVERY_ACROSS_FILESYSTEM not set).
2025-04-12 21:19:41.772 [info] > git rev-parse --show-toplevel [1ms]
2025-04-12 21:19:41.772 [info] fatal: not a git repository (or any parent up to mount point /run/media/aayush)
Stopping at filesystem boundary (GIT_DISCOVERY_ACROSS_FILESYSTEM not set).
2025-04-12 21:19:51.699 [info] > git rev-parse --show-toplevel [1ms]
2025-04-12 21:19:51.699 [info] fatal: not a git repository (or any parent up to mount point /run/media/aayush)
Stopping at filesystem boundary (GIT_DISCOVERY_ACROSS_FILESYSTEM not set).
2025-04-12 21:20:00.575 [info] > git rev-parse --show-toplevel [2ms]
2025-04-12 21:20:00.575 [info] fatal: not a git repository (or any parent up to mount point /run/media/aayush)
Stopping at filesystem boundary (GIT_DISCOVERY_ACROSS_FILESYSTEM not set).
2025-04-12 21:20:28.225 [info] > git rev-parse --show-toplevel [1ms]
2025-04-12 21:20:28.225 [info] fatal: not a git repository (or any parent up to mount point /run/media/aayush)
Stopping at filesystem boundary (GIT_DISCOVERY_ACROSS_FILESYSTEM not set).
2025-04-12 21:20:31.584 [info] > git rev-parse --show-toplevel [1ms]
2025-04-12 21:20:31.584 [info] fatal: not a git repository (or any parent up to mount point /run/media/aayush)
Stopping at filesystem boundary (GIT_DISCOVERY_ACROSS_FILESYSTEM not set).
