2025-04-12 21:26:50.363 [info] Telemetry level is off
2025-04-12 21:26:50.363 [info] Experiments are disabled, only manually opted experiments are active.
2025-04-12 21:26:50.363 [warning] Dir "/run/media/aayush/New Volume/Python/.pixi/envs" is not watchable (directory does not exist)
2025-04-12 21:26:50.363 [error] Unable to check if shell integration is active [Error: Extension 'ms-python.python' CANNOT use API proposal: terminalDataWriteEvent.
Its package.json#enabledApiProposals-property declares:  but NOT terminalDataWriteEvent.
 The missing proposal MUST be added and you must start in extension development mode or use the following command line switch: --enable-proposed-api ms-python.python
	at R (file:///usr/lib/code/out/vs/workbench/api/node/extensionHostProcess.js:105:19265)
	at a.onDidWriteTerminalData (file:///usr/lib/code/out/vs/workbench/api/node/extensionHostProcess.js:173:39305)
	at new v (/home/aayush/.vscode-oss/extensions/ms-python.python-2025.4.0-universal/out/client/extension.js:2:878107)
	at ge (/home/aayush/.vscode-oss/extensions/ms-python.python-2025.4.0-universal/out/client/extension.js:2:1684812)
	at /home/aayush/.vscode-oss/extensions/ms-python.python-2025.4.0-universal/out/client/extension.js:2:1688176
	at /home/aayush/.vscode-oss/extensions/ms-python.python-2025.4.0-universal/out/client/extension.js:2:1688204
	at Se (/home/aayush/.vscode-oss/extensions/ms-python.python-2025.4.0-universal/out/client/extension.js:2:1688271)
	at /home/aayush/.vscode-oss/extensions/ms-python.python-2025.4.0-universal/out/client/extension.js:2:1688751
	at we (/home/aayush/.vscode-oss/extensions/ms-python.python-2025.4.0-universal/out/client/extension.js:2:1688692)
	at Pe (/home/aayush/.vscode-oss/extensions/ms-python.python-2025.4.0-universal/out/client/extension.js:2:1688726)
	at /home/aayush/.vscode-oss/extensions/ms-python.python-2025.4.0-universal/out/client/extension.js:2:1685965
	at /home/aayush/.vscode-oss/extensions/ms-python.python-2025.4.0-universal/out/client/extension.js:2:1687570
	at Array.reduce (<anonymous>)
	at /home/aayush/.vscode-oss/extensions/ms-python.python-2025.4.0-universal/out/client/extension.js:2:1687542
	at /home/aayush/.vscode-oss/extensions/ms-python.python-2025.4.0-universal/out/client/extension.js:2:1687824
	at /home/aayush/.vscode-oss/extensions/ms-python.python-2025.4.0-universal/out/client/extension.js:2:1688204
	at Se (/home/aayush/.vscode-oss/extensions/ms-python.python-2025.4.0-universal/out/client/extension.js:2:1688271)
	at /home/aayush/.vscode-oss/extensions/ms-python.python-2025.4.0-universal/out/client/extension.js:2:1688751
	at we (/home/aayush/.vscode-oss/extensions/ms-python.python-2025.4.0-universal/out/client/extension.js:2:1688692)
	at Pe (/home/aayush/.vscode-oss/extensions/ms-python.python-2025.4.0-universal/out/client/extension.js:2:1688726)
	at /home/aayush/.vscode-oss/extensions/ms-python.python-2025.4.0-universal/out/client/extension.js:2:1685965
	at /home/aayush/.vscode-oss/extensions/ms-python.python-2025.4.0-universal/out/client/extension.js:2:1715635
	at /home/aayush/.vscode-oss/extensions/ms-python.python-2025.4.0-universal/out/client/extension.js:2:1715656
	at e._get (/home/aayush/.vscode-oss/extensions/ms-python.python-2025.4.0-universal/out/client/extension.js:2:1714669)
	at e._getButThrowIfAsync (/home/aayush/.vscode-oss/extensions/ms-python.python-2025.4.0-universal/out/client/extension.js:2:1714729)
	at e.get (/home/aayush/.vscode-oss/extensions/ms-python.python-2025.4.0-universal/out/client/extension.js:2:1710438)
	at e.dynamicValue (/home/aayush/.vscode-oss/extensions/ms-python.python-2025.4.0-universal/out/client/extension.js:2:1700171)
	at /home/aayush/.vscode-oss/extensions/ms-python.python-2025.4.0-universal/out/client/extension.js:2:1686348
	at Ee (/home/aayush/.vscode-oss/extensions/ms-python.python-2025.4.0-universal/out/client/extension.js:2:1686604)
	at Se (/home/aayush/.vscode-oss/extensions/ms-python.python-2025.4.0-universal/out/client/extension.js:2:1688320)
	at /home/aayush/.vscode-oss/extensions/ms-python.python-2025.4.0-universal/out/client/extension.js:2:1688751
	at we (/home/aayush/.vscode-oss/extensions/ms-python.python-2025.4.0-universal/out/client/extension.js:2:1688692)
	at Pe (/home/aayush/.vscode-oss/extensions/ms-python.python-2025.4.0-universal/out/client/extension.js:2:1688726)
	at /home/aayush/.vscode-oss/extensions/ms-python.python-2025.4.0-universal/out/client/extension.js:2:1685965
	at /home/aayush/.vscode-oss/extensions/ms-python.python-2025.4.0-universal/out/client/extension.js:2:1685899
	at Array.map (<anonymous>)
	at /home/aayush/.vscode-oss/extensions/ms-python.python-2025.4.0-universal/out/client/extension.js:2:1685870
	at /home/aayush/.vscode-oss/extensions/ms-python.python-2025.4.0-universal/out/client/extension.js:2:1687570
	at Array.reduce (<anonymous>)
	at /home/aayush/.vscode-oss/extensions/ms-python.python-2025.4.0-universal/out/client/extension.js:2:1687542
	at /home/aayush/.vscode-oss/extensions/ms-python.python-2025.4.0-universal/out/client/extension.js:2:1687824
	at /home/aayush/.vscode-oss/extensions/ms-python.python-2025.4.0-universal/out/client/extension.js:2:1688204
	at Se (/home/aayush/.vscode-oss/extensions/ms-python.python-2025.4.0-universal/out/client/extension.js:2:1688271)
	at /home/aayush/.vscode-oss/extensions/ms-python.python-2025.4.0-universal/out/client/extension.js:2:1688751
	at we (/home/aayush/.vscode-oss/extensions/ms-python.python-2025.4.0-universal/out/client/extension.js:2:1688692)
	at Pe (/home/aayush/.vscode-oss/extensions/ms-python.python-2025.4.0-universal/out/client/extension.js:2:1688726)
	at /home/aayush/.vscode-oss/extensions/ms-python.python-2025.4.0-universal/out/client/extension.js:2:1685965
	at /home/aayush/.vscode-oss/extensions/ms-python.python-2025.4.0-universal/out/client/extension.js:2:1715635
	at /home/aayush/.vscode-oss/extensions/ms-python.python-2025.4.0-universal/out/client/extension.js:2:1715656
	at e._get (/home/aayush/.vscode-oss/extensions/ms-python.python-2025.4.0-universal/out/client/extension.js:2:1714669)
	at e._getButThrowIfAsync (/home/aayush/.vscode-oss/extensions/ms-python.python-2025.4.0-universal/out/client/extension.js:2:1714729)
	at e.get (/home/aayush/.vscode-oss/extensions/ms-python.python-2025.4.0-universal/out/client/extension.js:2:1710438)
	at a.get (/home/aayush/.vscode-oss/extensions/ms-python.python-2025.4.0-universal/out/client/extension.js:2:536740)
	at /home/aayush/.vscode-oss/extensions/ms-python.python-2025.4.0-universal/out/client/extension.js:2:451577
	at async t.activateComponents (/home/aayush/.vscode-oss/extensions/ms-python.python-2025.4.0-universal/out/client/extension.js:2:449857)
	at async /home/aayush/.vscode-oss/extensions/ms-python.python-2025.4.0-universal/out/client/extension.js:2:2642626
	at async e (/home/aayush/.vscode-oss/extensions/ms-python.python-2025.4.0-universal/out/client/extension.js:2:2642158)
	at async cw.n (file:///usr/lib/code/out/vs/workbench/api/node/extensionHostProcess.js:111:13359)
	at async cw.m (file:///usr/lib/code/out/vs/workbench/api/node/extensionHostProcess.js:111:13322)
	at async cw.l (file:///usr/lib/code/out/vs/workbench/api/node/extensionHostProcess.js:111:12778)]
2025-04-12 21:26:50.363 [info] Python interpreter path: /bin/python
2025-04-12 21:26:50.363 [info] > pyenv which python
2025-04-12 21:26:50.363 [info] cwd: /run/media/aayush/New Volume/Python
2025-04-12 21:26:50.371 [error] [
  'Failed to activate a workspace, Class name = v, completed in 65ms, has a falsy return value, Arg 1: <Uri:/run/media/aayush/New Volume/Python/Week-1/basicOperations.py>, Arg 2: {"started":1744507610275}, Return Value: undefined',
  [Error: Extension 'ms-python.python' CANNOT use API proposal: testObserver.
  Its package.json#enabledApiProposals-property declares:  but NOT testObserver.
   The missing proposal MUST be added and you must start in extension development mode or use the following command line switch: --enable-proposed-api ms-python.python
  	at R (file:///usr/lib/code/out/vs/workbench/api/node/extensionHostProcess.js:105:19265)
  	at get testResults (file:///usr/lib/code/out/vs/workbench/api/node/extensionHostProcess.js:173:32518)
  	at C.activate (/home/aayush/.vscode-oss/extensions/ms-python.python-2025.4.0-universal/out/client/extension.js:2:908659)
  	at /home/aayush/.vscode-oss/extensions/ms-python.python-2025.4.0-universal/out/client/extension.js:2:2457
  	at Array.map (<anonymous>)
  	at v.activateWorkspace (/home/aayush/.vscode-oss/extensions/ms-python.python-2025.4.0-universal/out/client/extension.js:2:2447)]
]
2025-04-12 21:26:50.372 [error] Failure during activation. [Error: Extension 'ms-python.python' CANNOT use API proposal: testObserver.
Its package.json#enabledApiProposals-property declares:  but NOT testObserver.
 The missing proposal MUST be added and you must start in extension development mode or use the following command line switch: --enable-proposed-api ms-python.python
	at R (file:///usr/lib/code/out/vs/workbench/api/node/extensionHostProcess.js:105:19265)
	at get testResults (file:///usr/lib/code/out/vs/workbench/api/node/extensionHostProcess.js:173:32518)
	at C.activate (/home/aayush/.vscode-oss/extensions/ms-python.python-2025.4.0-universal/out/client/extension.js:2:908659)
	at /home/aayush/.vscode-oss/extensions/ms-python.python-2025.4.0-universal/out/client/extension.js:2:2457
	at Array.map (<anonymous>)
	at v.activateWorkspace (/home/aayush/.vscode-oss/extensions/ms-python.python-2025.4.0-universal/out/client/extension.js:2:2447)]
2025-04-12 21:26:50.372 [error] sendStartupTelemetry() failed. [Error: Extension 'ms-python.python' CANNOT use API proposal: testObserver.
Its package.json#enabledApiProposals-property declares:  but NOT testObserver.
 The missing proposal MUST be added and you must start in extension development mode or use the following command line switch: --enable-proposed-api ms-python.python
	at R (file:///usr/lib/code/out/vs/workbench/api/node/extensionHostProcess.js:105:19265)
	at get testResults (file:///usr/lib/code/out/vs/workbench/api/node/extensionHostProcess.js:173:32518)
	at C.activate (/home/aayush/.vscode-oss/extensions/ms-python.python-2025.4.0-universal/out/client/extension.js:2:908659)
	at /home/aayush/.vscode-oss/extensions/ms-python.python-2025.4.0-universal/out/client/extension.js:2:2457
	at Array.map (<anonymous>)
	at v.activateWorkspace (/home/aayush/.vscode-oss/extensions/ms-python.python-2025.4.0-universal/out/client/extension.js:2:2447)]
2025-04-12 21:26:50.901 [info] Starting Jedi language server for Python.
