2025-04-25 19:35:46.969 [info] [main] Log level: Info
2025-04-25 19:35:46.969 [info] [main] Validating found git in: "git"
2025-04-25 19:35:46.969 [info] [main] Using git "2.49.0" from "git"
2025-04-25 19:35:46.969 [info] [Model][doInitialScan] Initial repository scan started
2025-04-25 19:35:46.969 [info] [Model][doInitialScan] Initial repository scan completed - repositories (0), closed repositories (0), parent repositories (0), unsafe repositories (0)
2025-04-25 19:36:01.827 [info] [main] Log level: Info
2025-04-25 19:36:01.827 [info] [main] Validating found git in: "git"
2025-04-25 19:36:01.827 [info] [main] Using git "2.49.0" from "git"
2025-04-25 19:36:01.827 [info] [Model][doInitialScan] Initial repository scan started
2025-04-25 19:36:01.827 [info] > git rev-parse --show-toplevel [3ms]
2025-04-25 19:36:01.827 [info] fatal: not a git repository (or any of the parent directories): .git
2025-04-25 19:36:01.836 [info] > git rev-parse --show-toplevel [1ms]
2025-04-25 19:36:01.836 [info] fatal: not a git repository (or any of the parent directories): .git
2025-04-25 19:36:01.842 [info] > git rev-parse --show-toplevel [1ms]
2025-04-25 19:36:01.842 [info] fatal: not a git repository (or any of the parent directories): .git
2025-04-25 19:36:01.847 [info] > git rev-parse --show-toplevel [1ms]
2025-04-25 19:36:01.847 [info] fatal: not a git repository (or any of the parent directories): .git
2025-04-25 19:36:01.851 [info] > git rev-parse --show-toplevel [1ms]
2025-04-25 19:36:01.851 [info] fatal: not a git repository (or any of the parent directories): .git
2025-04-25 19:36:01.855 [info] > git rev-parse --show-toplevel [0ms]
2025-04-25 19:36:01.855 [info] fatal: not a git repository (or any of the parent directories): .git
2025-04-25 19:36:01.860 [info] > git rev-parse --show-toplevel [1ms]
2025-04-25 19:36:01.860 [info] fatal: not a git repository (or any of the parent directories): .git
2025-04-25 19:36:01.864 [info] > git rev-parse --show-toplevel [1ms]
2025-04-25 19:36:01.864 [info] fatal: not a git repository (or any of the parent directories): .git
2025-04-25 19:36:01.869 [info] > git rev-parse --show-toplevel [1ms]
2025-04-25 19:36:01.869 [info] fatal: not a git repository (or any of the parent directories): .git
2025-04-25 19:36:01.873 [info] > git rev-parse --show-toplevel [1ms]
2025-04-25 19:36:01.873 [info] fatal: not a git repository (or any of the parent directories): .git
2025-04-25 19:36:01.878 [info] > git rev-parse --show-toplevel [1ms]
2025-04-25 19:36:01.878 [info] fatal: not a git repository (or any of the parent directories): .git
2025-04-25 19:36:01.882 [info] > git rev-parse --show-toplevel [1ms]
2025-04-25 19:36:01.882 [info] fatal: not a git repository (or any of the parent directories): .git
2025-04-25 19:36:01.887 [info] > git rev-parse --show-toplevel [1ms]
2025-04-25 19:36:01.887 [info] fatal: not a git repository (or any of the parent directories): .git
2025-04-25 19:36:01.892 [info] > git rev-parse --show-toplevel [2ms]
2025-04-25 19:36:01.892 [info] fatal: not a git repository (or any of the parent directories): .git
2025-04-25 19:36:01.897 [info] > git rev-parse --show-toplevel [1ms]
2025-04-25 19:36:01.897 [info] fatal: not a git repository (or any of the parent directories): .git
2025-04-25 19:36:01.901 [info] > git rev-parse --show-toplevel [1ms]
2025-04-25 19:36:01.901 [info] fatal: not a git repository (or any of the parent directories): .git
2025-04-25 19:36:01.906 [info] > git rev-parse --show-toplevel [1ms]
2025-04-25 19:36:01.906 [info] fatal: not a git repository (or any of the parent directories): .git
2025-04-25 19:36:01.910 [info] > git rev-parse --show-toplevel [1ms]
2025-04-25 19:36:01.910 [info] fatal: not a git repository (or any of the parent directories): .git
2025-04-25 19:36:01.914 [info] > git rev-parse --show-toplevel [1ms]
2025-04-25 19:36:01.914 [info] fatal: not a git repository (or any of the parent directories): .git
2025-04-25 19:36:01.918 [info] > git rev-parse --show-toplevel [1ms]
2025-04-25 19:36:01.918 [info] fatal: not a git repository (or any of the parent directories): .git
2025-04-25 19:36:01.923 [info] > git rev-parse --show-toplevel [1ms]
2025-04-25 19:36:01.923 [info] fatal: not a git repository (or any of the parent directories): .git
2025-04-25 19:36:01.928 [info] > git rev-parse --show-toplevel [1ms]
2025-04-25 19:36:01.928 [info] fatal: not a git repository (or any of the parent directories): .git
2025-04-25 19:36:01.933 [info] > git rev-parse --show-toplevel [1ms]
2025-04-25 19:36:01.933 [info] fatal: not a git repository (or any of the parent directories): .git
2025-04-25 19:36:01.937 [info] > git rev-parse --show-toplevel [1ms]
2025-04-25 19:36:01.937 [info] fatal: not a git repository (or any of the parent directories): .git
2025-04-25 19:36:01.942 [info] > git rev-parse --show-toplevel [1ms]
2025-04-25 19:36:01.942 [info] fatal: not a git repository (or any of the parent directories): .git
2025-04-25 19:36:01.947 [info] > git rev-parse --show-toplevel [1ms]
2025-04-25 19:36:01.947 [info] fatal: not a git repository (or any of the parent directories): .git
2025-04-25 19:36:01.951 [info] > git rev-parse --show-toplevel [1ms]
2025-04-25 19:36:01.951 [info] fatal: not a git repository (or any of the parent directories): .git
2025-04-25 19:36:01.955 [info] > git rev-parse --show-toplevel [0ms]
2025-04-25 19:36:01.955 [info] fatal: not a git repository (or any of the parent directories): .git
2025-04-25 19:36:01.959 [info] > git rev-parse --show-toplevel [0ms]
2025-04-25 19:36:01.959 [info] fatal: not a git repository (or any of the parent directories): .git
2025-04-25 19:36:01.964 [info] > git rev-parse --show-toplevel [1ms]
2025-04-25 19:36:01.964 [info] fatal: not a git repository (or any of the parent directories): .git
2025-04-25 19:36:01.967 [info] > git rev-parse --show-toplevel [1ms]
2025-04-25 19:36:01.967 [info] fatal: not a git repository (or any of the parent directories): .git
2025-04-25 19:36:01.971 [info] > git rev-parse --show-toplevel [1ms]
2025-04-25 19:36:01.971 [info] fatal: not a git repository (or any of the parent directories): .git
2025-04-25 19:36:01.975 [info] > git rev-parse --show-toplevel [0ms]
2025-04-25 19:36:01.975 [info] fatal: not a git repository (or any of the parent directories): .git
2025-04-25 19:36:01.979 [info] > git rev-parse --show-toplevel [1ms]
2025-04-25 19:36:01.979 [info] fatal: not a git repository (or any of the parent directories): .git
2025-04-25 19:36:01.983 [info] > git rev-parse --show-toplevel [0ms]
2025-04-25 19:36:01.983 [info] fatal: not a git repository (or any of the parent directories): .git
2025-04-25 19:36:01.987 [info] > git rev-parse --show-toplevel [1ms]
2025-04-25 19:36:01.987 [info] fatal: not a git repository (or any of the parent directories): .git
2025-04-25 19:36:01.991 [info] > git rev-parse --show-toplevel [0ms]
2025-04-25 19:36:01.991 [info] fatal: not a git repository (or any of the parent directories): .git
2025-04-25 19:36:01.996 [info] > git rev-parse --show-toplevel [1ms]
2025-04-25 19:36:01.996 [info] fatal: not a git repository (or any of the parent directories): .git
2025-04-25 19:36:02.000 [info] > git rev-parse --show-toplevel [1ms]
2025-04-25 19:36:02.000 [info] fatal: not a git repository (or any of the parent directories): .git
2025-04-25 19:36:02.004 [info] > git rev-parse --show-toplevel [1ms]
2025-04-25 19:36:02.004 [info] fatal: not a git repository (or any of the parent directories): .git
2025-04-25 19:36:02.008 [info] > git rev-parse --show-toplevel [1ms]
2025-04-25 19:36:02.008 [info] fatal: not a git repository (or any of the parent directories): .git
2025-04-25 19:36:02.012 [info] > git rev-parse --show-toplevel [0ms]
2025-04-25 19:36:02.012 [info] fatal: not a git repository (or any of the parent directories): .git
2025-04-25 19:36:02.017 [info] > git rev-parse --show-toplevel [1ms]
2025-04-25 19:36:02.017 [info] fatal: not a git repository (or any of the parent directories): .git
2025-04-25 19:36:02.021 [info] > git rev-parse --show-toplevel [1ms]
2025-04-25 19:36:02.021 [info] fatal: not a git repository (or any of the parent directories): .git
2025-04-25 19:36:02.025 [info] > git rev-parse --show-toplevel [0ms]
2025-04-25 19:36:02.025 [info] fatal: not a git repository (or any of the parent directories): .git
2025-04-25 19:36:02.030 [info] > git rev-parse --show-toplevel [1ms]
2025-04-25 19:36:02.030 [info] fatal: not a git repository (or any of the parent directories): .git
2025-04-25 19:36:02.034 [info] > git rev-parse --show-toplevel [1ms]
2025-04-25 19:36:02.034 [info] fatal: not a git repository (or any of the parent directories): .git
2025-04-25 19:36:02.038 [info] > git rev-parse --show-toplevel [0ms]
2025-04-25 19:36:02.038 [info] fatal: not a git repository (or any of the parent directories): .git
2025-04-25 19:36:02.042 [info] > git rev-parse --show-toplevel [0ms]
2025-04-25 19:36:02.042 [info] fatal: not a git repository (or any of the parent directories): .git
2025-04-25 19:36:02.047 [info] > git rev-parse --show-toplevel [1ms]
2025-04-25 19:36:02.047 [info] fatal: not a git repository (or any of the parent directories): .git
2025-04-25 19:36:02.051 [info] > git rev-parse --show-toplevel [1ms]
2025-04-25 19:36:02.051 [info] fatal: not a git repository (or any of the parent directories): .git
2025-04-25 19:36:02.055 [info] > git rev-parse --show-toplevel [1ms]
2025-04-25 19:36:02.055 [info] fatal: not a git repository (or any of the parent directories): .git
2025-04-25 19:36:02.059 [info] > git rev-parse --show-toplevel [0ms]
2025-04-25 19:36:02.059 [info] fatal: not a git repository (or any of the parent directories): .git
2025-04-25 19:36:02.064 [info] > git rev-parse --show-toplevel [1ms]
2025-04-25 19:36:02.064 [info] fatal: not a git repository (or any of the parent directories): .git
2025-04-25 19:36:02.068 [info] > git rev-parse --show-toplevel [1ms]
2025-04-25 19:36:02.068 [info] fatal: not a git repository (or any of the parent directories): .git
2025-04-25 19:36:02.072 [info] > git rev-parse --show-toplevel [0ms]
2025-04-25 19:36:02.072 [info] fatal: not a git repository (or any of the parent directories): .git
2025-04-25 19:36:02.076 [info] > git rev-parse --show-toplevel [0ms]
2025-04-25 19:36:02.076 [info] fatal: not a git repository (or any of the parent directories): .git
2025-04-25 19:36:02.081 [info] > git rev-parse --show-toplevel [1ms]
2025-04-25 19:36:02.081 [info] fatal: not a git repository (or any of the parent directories): .git
2025-04-25 19:36:02.085 [info] > git rev-parse --show-toplevel [1ms]
2025-04-25 19:36:02.085 [info] fatal: not a git repository (or any of the parent directories): .git
2025-04-25 19:36:02.090 [info] > git rev-parse --show-toplevel [1ms]
2025-04-25 19:36:02.090 [info] fatal: not a git repository (or any of the parent directories): .git
2025-04-25 19:36:02.094 [info] > git rev-parse --show-toplevel [0ms]
2025-04-25 19:36:02.094 [info] fatal: not a git repository (or any of the parent directories): .git
2025-04-25 19:36:02.094 [info] [Model][doInitialScan] Initial repository scan completed - repositories (0), closed repositories (0), parent repositories (0), unsafe repositories (0)
2025-04-25 19:36:29.723 [info] > git rev-parse --show-toplevel [1ms]
2025-04-25 19:36:29.723 [info] fatal: not a git repository (or any of the parent directories): .git
2025-04-25 19:40:36.145 [info] > git rev-parse --show-toplevel [1ms]
2025-04-25 19:40:36.145 [info] fatal: not a git repository (or any of the parent directories): .git
2025-04-25 19:41:42.998 [info] > git rev-parse --show-toplevel [1ms]
2025-04-25 19:41:42.998 [info] fatal: not a git repository (or any of the parent directories): .git
2025-04-25 19:42:57.509 [info] > git init -b main [6ms]
2025-04-25 19:42:57.515 [info] > git rev-parse --show-toplevel [1ms]
2025-04-25 19:42:57.520 [info] > git rev-parse --git-dir --git-common-dir [1ms]
2025-04-25 19:42:57.535 [info] [Model][openRepository] Opened repository: /home/aayush/.config
2025-04-25 19:42:57.544 [info] > git fetch [10ms]
2025-04-25 19:42:57.550 [info] > git config --get commit.template [7ms]
2025-04-25 19:42:57.557 [info] > git config --get commit.template [7ms]
2025-04-25 19:42:57.565 [info] [Git][getRemotes] No remotes found in the git config file
2025-04-25 19:42:57.570 [info] [Git][getRemotes] No remotes found in the git config file
2025-04-25 19:42:57.570 [info] > git for-each-ref --format=%(refname)%00%(upstream:short)%00%(objectname)%00%(upstream:track)%00%(upstream:remotename)%00%(upstream:remoteref) refs/heads/main refs/remotes/main [6ms]
2025-04-25 19:42:57.570 [warning] [Git][getBranch] No such branch: main
2025-04-25 19:42:57.585 [info] > git for-each-ref --format=%(refname)%00%(upstream:short)%00%(objectname)%00%(upstream:track)%00%(upstream:remotename)%00%(upstream:remoteref) refs/heads/main refs/remotes/main [7ms]
2025-04-25 19:42:57.585 [warning] [Git][getBranch] No such branch: main
2025-04-25 19:42:57.585 [error] [GitHistoryProvider][resolveHEADMergeBase] Failed to resolve merge base for main: Error: No such branch: main.
2025-04-25 19:42:57.586 [info] > git for-each-ref --format=%(refname)%00%(upstream:short)%00%(objectname)%00%(upstream:track)%00%(upstream:remotename)%00%(upstream:remoteref) refs/heads/main refs/remotes/main [16ms]
2025-04-25 19:42:57.586 [warning] [Git][getBranch] No such branch: main
2025-04-25 19:42:57.587 [info] > git config --get commit.template [3ms]
2025-04-25 19:42:57.594 [info] [Git][getRemotes] No remotes found in the git config file
2025-04-25 19:42:57.596 [info] > git for-each-ref --format=%(refname)%00%(upstream:short)%00%(objectname)%00%(upstream:track)%00%(upstream:remotename)%00%(upstream:remoteref) refs/heads/main refs/remotes/main [2ms]
2025-04-25 19:42:57.596 [warning] [Git][getBranch] No such branch: main
2025-04-25 19:42:57.619 [info] > git for-each-ref --sort -committerdate --format %(refname)%00%(objectname)%00%(*objectname) [11ms]
2025-04-25 19:42:57.621 [info] > git status -z -uall [19ms]
2025-04-25 19:42:57.621 [info] > git log --format=%H%n%aN%n%aE%n%at%n%ct%n%P%n%D%n%B -z --shortstat --diff-merges=first-parent -n50 --skip=0 --topo-order --decorate=full --stdin [4ms]
2025-04-25 19:42:57.621 [info] fatal: bad revision 'refs/heads/main'
2025-04-25 19:42:57.621 [error] [GitHistoryProvider][provideHistoryItems] Failed to get history items with options '{"historyItemRefs":["refs/heads/main"],"limit":50,"skip":0}': Failed to execute git {
  "exitCode": 128,
  "gitCommand": "log",
  "stdout": "",
  "stderr": "fatal: bad revision 'refs/heads/main'\n"
}
2025-04-25 19:42:58.106 [info] > git config --get --local branch.main.github-pr-owner-number [1ms]
2025-04-25 19:42:58.106 [warning] [Git][config] git config failed: Failed to execute git
2025-04-25 19:42:58.114 [info] > git config --get --local branch.main.remote [1ms]
2025-04-25 19:42:58.114 [warning] [Git][config] git config failed: Failed to execute git
2025-04-25 19:42:58.121 [info] > git config --get --local branch.main.merge [1ms]
2025-04-25 19:42:58.121 [warning] [Git][config] git config failed: Failed to execute git
2025-04-25 19:42:58.601 [info] > git check-ignore -v -z --stdin [0ms]
2025-04-25 19:42:59.816 [info] [Git][getRemotes] No remotes found in the git config file
2025-04-25 19:42:59.816 [info] > git config --get commit.template [5ms]
2025-04-25 19:42:59.817 [info] > git for-each-ref --format=%(refname)%00%(upstream:short)%00%(objectname)%00%(upstream:track)%00%(upstream:remotename)%00%(upstream:remoteref) refs/heads/main refs/remotes/main [1ms]
2025-04-25 19:42:59.817 [warning] [Git][getBranch] No such branch: main
2025-04-25 19:42:59.828 [info] > git for-each-ref --sort -committerdate --format %(refname)%00%(objectname)%00%(*objectname) [1ms]
2025-04-25 19:42:59.834 [info] > git status -z -uall [12ms]
2025-04-25 19:43:04.868 [info] [Git][getRemotes] No remotes found in the git config file
2025-04-25 19:43:04.868 [info] > git config --get commit.template [6ms]
2025-04-25 19:43:04.869 [info] > git for-each-ref --format=%(refname)%00%(upstream:short)%00%(objectname)%00%(upstream:track)%00%(upstream:remotename)%00%(upstream:remoteref) refs/heads/main refs/remotes/main [0ms]
2025-04-25 19:43:04.869 [warning] [Git][getBranch] No such branch: main
2025-04-25 19:43:04.880 [info] > git for-each-ref --sort -committerdate --format %(refname)%00%(objectname)%00%(*objectname) [1ms]
2025-04-25 19:43:04.886 [info] > git status -z -uall [12ms]
2025-04-25 19:43:09.926 [info] [Git][getRemotes] No remotes found in the git config file
2025-04-25 19:43:09.926 [info] > git config --get commit.template [5ms]
2025-04-25 19:43:09.926 [info] > git for-each-ref --format=%(refname)%00%(upstream:short)%00%(objectname)%00%(upstream:track)%00%(upstream:remotename)%00%(upstream:remoteref) refs/heads/main refs/remotes/main [0ms]
2025-04-25 19:43:09.927 [warning] [Git][getBranch] No such branch: main
2025-04-25 19:43:09.938 [info] > git for-each-ref --sort -committerdate --format %(refname)%00%(objectname)%00%(*objectname) [1ms]
2025-04-25 19:43:09.949 [info] > git status -z -uall [16ms]
2025-04-25 19:43:14.988 [info] [Git][getRemotes] No remotes found in the git config file
2025-04-25 19:43:14.989 [info] > git config --get commit.template [7ms]
2025-04-25 19:43:14.991 [info] > git for-each-ref --format=%(refname)%00%(upstream:short)%00%(objectname)%00%(upstream:track)%00%(upstream:remotename)%00%(upstream:remoteref) refs/heads/main refs/remotes/main [3ms]
2025-04-25 19:43:14.991 [warning] [Git][getBranch] No such branch: main
2025-04-25 19:43:15.005 [info] > git for-each-ref --sort -committerdate --format %(refname)%00%(objectname)%00%(*objectname) [1ms]
2025-04-25 19:43:15.013 [info] > git status -z -uall [16ms]
2025-04-25 19:43:20.060 [info] [Git][getRemotes] No remotes found in the git config file
2025-04-25 19:43:20.061 [info] > git config --get commit.template [6ms]
2025-04-25 19:43:20.061 [info] > git for-each-ref --format=%(refname)%00%(upstream:short)%00%(objectname)%00%(upstream:track)%00%(upstream:remotename)%00%(upstream:remoteref) refs/heads/main refs/remotes/main [1ms]
2025-04-25 19:43:20.061 [warning] [Git][getBranch] No such branch: main
2025-04-25 19:43:20.072 [info] > git for-each-ref --sort -committerdate --format %(refname)%00%(objectname)%00%(*objectname) [1ms]
2025-04-25 19:43:20.078 [info] > git status -z -uall [12ms]
2025-04-25 19:43:25.125 [info] [Git][getRemotes] No remotes found in the git config file
2025-04-25 19:43:25.131 [info] > git config --get commit.template [6ms]
2025-04-25 19:43:25.131 [info] > git for-each-ref --format=%(refname)%00%(upstream:short)%00%(objectname)%00%(upstream:track)%00%(upstream:remotename)%00%(upstream:remoteref) refs/heads/main refs/remotes/main [1ms]
2025-04-25 19:43:25.131 [warning] [Git][getBranch] No such branch: main
2025-04-25 19:43:25.143 [info] > git for-each-ref --sort -committerdate --format %(refname)%00%(objectname)%00%(*objectname) [1ms]
2025-04-25 19:43:25.147 [info] > git status -z -uall [11ms]
2025-04-25 19:43:30.193 [info] [Git][getRemotes] No remotes found in the git config file
2025-04-25 19:43:30.194 [info] > git config --get commit.template [6ms]
2025-04-25 19:43:30.194 [info] > git for-each-ref --format=%(refname)%00%(upstream:short)%00%(objectname)%00%(upstream:track)%00%(upstream:remotename)%00%(upstream:remoteref) refs/heads/main refs/remotes/main [1ms]
2025-04-25 19:43:30.194 [warning] [Git][getBranch] No such branch: main
2025-04-25 19:43:30.206 [info] > git for-each-ref --sort -committerdate --format %(refname)%00%(objectname)%00%(*objectname) [1ms]
2025-04-25 19:43:30.211 [info] > git status -z -uall [12ms]
2025-04-25 19:43:35.256 [info] [Git][getRemotes] No remotes found in the git config file
2025-04-25 19:43:35.262 [info] > git config --get commit.template [6ms]
2025-04-25 19:43:35.262 [info] > git for-each-ref --format=%(refname)%00%(upstream:short)%00%(objectname)%00%(upstream:track)%00%(upstream:remotename)%00%(upstream:remoteref) refs/heads/main refs/remotes/main [1ms]
2025-04-25 19:43:35.262 [warning] [Git][getBranch] No such branch: main
2025-04-25 19:43:35.273 [info] > git for-each-ref --sort -committerdate --format %(refname)%00%(objectname)%00%(*objectname) [1ms]
2025-04-25 19:43:35.279 [info] > git status -z -uall [12ms]
2025-04-25 19:43:40.318 [info] [Git][getRemotes] No remotes found in the git config file
2025-04-25 19:43:40.324 [info] > git config --get commit.template [6ms]
2025-04-25 19:43:40.325 [info] > git for-each-ref --format=%(refname)%00%(upstream:short)%00%(objectname)%00%(upstream:track)%00%(upstream:remotename)%00%(upstream:remoteref) refs/heads/main refs/remotes/main [1ms]
2025-04-25 19:43:40.325 [warning] [Git][getBranch] No such branch: main
2025-04-25 19:43:40.336 [info] > git for-each-ref --sort -committerdate --format %(refname)%00%(objectname)%00%(*objectname) [1ms]
2025-04-25 19:43:40.341 [info] > git status -z -uall [11ms]
2025-04-25 19:43:45.377 [info] [Git][getRemotes] No remotes found in the git config file
2025-04-25 19:43:45.377 [info] > git config --get commit.template [6ms]
2025-04-25 19:43:45.378 [info] > git for-each-ref --format=%(refname)%00%(upstream:short)%00%(objectname)%00%(upstream:track)%00%(upstream:remotename)%00%(upstream:remoteref) refs/heads/main refs/remotes/main [1ms]
2025-04-25 19:43:45.378 [warning] [Git][getBranch] No such branch: main
2025-04-25 19:43:45.389 [info] > git for-each-ref --sort -committerdate --format %(refname)%00%(objectname)%00%(*objectname) [1ms]
2025-04-25 19:43:45.394 [info] > git status -z -uall [11ms]
2025-04-25 19:43:46.050 [info] > git remote add hyprland-config https://github.com/aayushsht074/hyprland-config.git [2ms]
2025-04-25 19:43:46.063 [info] > git config --get commit.template [8ms]
2025-04-25 19:43:46.064 [info] > git for-each-ref --format=%(refname)%00%(upstream:short)%00%(objectname)%00%(upstream:track)%00%(upstream:remotename)%00%(upstream:remoteref) refs/heads/main refs/remotes/main [1ms]
2025-04-25 19:43:46.064 [warning] [Git][getBranch] No such branch: main
2025-04-25 19:43:46.077 [info] > git for-each-ref --sort -committerdate --format %(refname)%00%(objectname)%00%(*objectname) [1ms]
2025-04-25 19:43:46.081 [info] > git status -z -uall [11ms]
2025-04-25 19:43:46.120 [info] > git config --get --local branch.main.github-pr-owner-number [1ms]
2025-04-25 19:43:46.120 [warning] [Git][config] git config failed: Failed to execute git
2025-04-25 19:43:46.128 [info] > git config --get --local branch.main.remote [1ms]
2025-04-25 19:43:46.128 [warning] [Git][config] git config failed: Failed to execute git
2025-04-25 19:43:46.137 [info] > git config --get --local branch.main.merge [2ms]
2025-04-25 19:43:46.137 [warning] [Git][config] git config failed: Failed to execute git
2025-04-25 19:43:46.757 [info] > git fetch hyprland-config [645ms]
2025-04-25 19:43:46.768 [info] > git config --get commit.template [5ms]
2025-04-25 19:43:46.768 [info] > git for-each-ref --format=%(refname)%00%(upstream:short)%00%(objectname)%00%(upstream:track)%00%(upstream:remotename)%00%(upstream:remoteref) refs/heads/main refs/remotes/main [0ms]
2025-04-25 19:43:46.768 [warning] [Git][getBranch] No such branch: main
2025-04-25 19:43:46.780 [info] > git for-each-ref --sort -committerdate --format %(refname)%00%(objectname)%00%(*objectname) [1ms]
2025-04-25 19:43:46.786 [info] > git status -z -uall [13ms]
2025-04-25 19:43:50.426 [info] > git config --get commit.template [1ms]
2025-04-25 19:43:50.434 [info] > git for-each-ref --format=%(refname)%00%(upstream:short)%00%(objectname)%00%(upstream:track)%00%(upstream:remotename)%00%(upstream:remoteref) refs/heads/main refs/remotes/main [1ms]
2025-04-25 19:43:50.434 [warning] [Git][getBranch] No such branch: main
2025-04-25 19:43:50.444 [info] > git for-each-ref --sort -committerdate --format %(refname)%00%(objectname)%00%(*objectname) [1ms]
2025-04-25 19:43:50.450 [info] > git status -z -uall [12ms]
2025-04-25 19:43:55.490 [info] > git config --get commit.template [5ms]
2025-04-25 19:43:55.491 [info] > git for-each-ref --format=%(refname)%00%(upstream:short)%00%(objectname)%00%(upstream:track)%00%(upstream:remotename)%00%(upstream:remoteref) refs/heads/main refs/remotes/main [1ms]
2025-04-25 19:43:55.491 [warning] [Git][getBranch] No such branch: main
2025-04-25 19:43:55.502 [info] > git for-each-ref --sort -committerdate --format %(refname)%00%(objectname)%00%(*objectname) [1ms]
2025-04-25 19:43:55.507 [info] > git status -z -uall [11ms]
2025-04-25 19:44:00.546 [info] > git config --get commit.template [6ms]
2025-04-25 19:44:00.547 [info] > git for-each-ref --format=%(refname)%00%(upstream:short)%00%(objectname)%00%(upstream:track)%00%(upstream:remotename)%00%(upstream:remoteref) refs/heads/main refs/remotes/main [1ms]
2025-04-25 19:44:00.547 [warning] [Git][getBranch] No such branch: main
2025-04-25 19:44:00.557 [info] > git for-each-ref --sort -committerdate --format %(refname)%00%(objectname)%00%(*objectname) [1ms]
2025-04-25 19:44:00.563 [info] > git status -z -uall [12ms]
2025-04-25 19:44:05.613 [info] > git config --get commit.template [6ms]
2025-04-25 19:44:05.613 [info] > git for-each-ref --format=%(refname)%00%(upstream:short)%00%(objectname)%00%(upstream:track)%00%(upstream:remotename)%00%(upstream:remoteref) refs/heads/main refs/remotes/main [1ms]
2025-04-25 19:44:05.613 [warning] [Git][getBranch] No such branch: main
2025-04-25 19:44:05.625 [info] > git for-each-ref --sort -committerdate --format %(refname)%00%(objectname)%00%(*objectname) [1ms]
2025-04-25 19:44:05.630 [info] > git status -z -uall [12ms]
2025-04-25 19:44:19.842 [info] > git add -A -- . [8063ms]
2025-04-25 19:44:19.916 [info] > git -c user.useConfigOnly=true commit --quiet [68ms]
2025-04-25 19:44:19.916 [info] Author identity unknown

*** Please tell me who you are.

Run

  git config --global user.email "you@example.com"
  git config --global user.name "Your Name"

to set your account's default identity.
Omit --global to set the identity only in this repository.

fatal: no email was given and auto-detection is disabled
2025-04-25 19:44:19.922 [info] > git config --get-all user.name [0ms]
2025-04-25 19:44:19.932 [info] > git config --get commit.template [5ms]
2025-04-25 19:44:19.933 [info] > git for-each-ref --format=%(refname)%00%(upstream:short)%00%(objectname)%00%(upstream:track)%00%(upstream:remotename)%00%(upstream:remoteref) refs/heads/main refs/remotes/main [1ms]
2025-04-25 19:44:19.933 [warning] [Git][getBranch] No such branch: main
2025-04-25 19:44:19.944 [info] > git for-each-ref --sort -committerdate --format %(refname)%00%(objectname)%00%(*objectname) [1ms]
2025-04-25 19:44:19.950 [info] > git status -z -uall [12ms]
2025-04-25 19:44:19.985 [info] > git config --get commit.template [2ms]
2025-04-25 19:44:19.993 [info] > git for-each-ref --format=%(refname)%00%(upstream:short)%00%(objectname)%00%(upstream:track)%00%(upstream:remotename)%00%(upstream:remoteref) refs/heads/main refs/remotes/main [1ms]
2025-04-25 19:44:19.993 [warning] [Git][getBranch] No such branch: main
2025-04-25 19:44:20.012 [info] > git for-each-ref --sort -committerdate --format %(refname)%00%(objectname)%00%(*objectname) [1ms]
2025-04-25 19:44:20.017 [info] > git status -z -uall [15ms]
2025-04-25 19:44:20.970 [info] > git check-ignore -v -z --stdin [1ms]
2025-04-25 19:44:26.716 [info] > git config --get commit.template [1ms]
2025-04-25 19:44:26.725 [info] > git for-each-ref --format=%(refname)%00%(upstream:short)%00%(objectname)%00%(upstream:track)%00%(upstream:remotename)%00%(upstream:remoteref) refs/heads/main refs/remotes/main [1ms]
2025-04-25 19:44:26.725 [warning] [Git][getBranch] No such branch: main
2025-04-25 19:44:26.743 [info] > git for-each-ref --sort -committerdate --format %(refname)%00%(objectname)%00%(*objectname) [1ms]
2025-04-25 19:44:26.749 [info] > git status -z -uall [17ms]
2025-04-25 19:44:31.788 [info] > git config --get commit.template [6ms]
2025-04-25 19:44:31.789 [info] > git for-each-ref --format=%(refname)%00%(upstream:short)%00%(objectname)%00%(upstream:track)%00%(upstream:remotename)%00%(upstream:remoteref) refs/heads/main refs/remotes/main [1ms]
2025-04-25 19:44:31.789 [warning] [Git][getBranch] No such branch: main
2025-04-25 19:44:31.804 [info] > git for-each-ref --sort -committerdate --format %(refname)%00%(objectname)%00%(*objectname) [1ms]
2025-04-25 19:44:31.808 [info] > git status -z -uall [13ms]
2025-04-25 19:44:36.857 [info] > git config --get commit.template [7ms]
2025-04-25 19:44:36.857 [info] > git for-each-ref --format=%(refname)%00%(upstream:short)%00%(objectname)%00%(upstream:track)%00%(upstream:remotename)%00%(upstream:remoteref) refs/heads/main refs/remotes/main [1ms]
2025-04-25 19:44:36.857 [warning] [Git][getBranch] No such branch: main
2025-04-25 19:44:36.871 [info] > git for-each-ref --sort -committerdate --format %(refname)%00%(objectname)%00%(*objectname) [1ms]
2025-04-25 19:44:36.875 [info] > git status -z -uall [12ms]
2025-04-25 19:44:39.066 [info] > git -c user.useConfigOnly=true commit --quiet [5ms]
2025-04-25 19:44:39.066 [info] Author identity unknown

*** Please tell me who you are.

Run

  git config --global user.email "you@example.com"
  git config --global user.name "Your Name"

to set your account's default identity.
Omit --global to set the identity only in this repository.

fatal: no email was given and auto-detection is disabled
2025-04-25 19:44:39.072 [info] > git config --get-all user.name [0ms]
2025-04-25 19:44:39.085 [info] > git config --get commit.template [6ms]
2025-04-25 19:44:39.085 [info] > git for-each-ref --format=%(refname)%00%(upstream:short)%00%(objectname)%00%(upstream:track)%00%(upstream:remotename)%00%(upstream:remoteref) refs/heads/main refs/remotes/main [1ms]
2025-04-25 19:44:39.085 [warning] [Git][getBranch] No such branch: main
2025-04-25 19:44:39.098 [info] > git for-each-ref --sort -committerdate --format %(refname)%00%(objectname)%00%(*objectname) [1ms]
2025-04-25 19:44:39.102 [info] > git status -z -uall [11ms]
2025-04-25 19:44:43.397 [info] > git config --get commit.template [6ms]
2025-04-25 19:44:43.398 [info] > git for-each-ref --format=%(refname)%00%(upstream:short)%00%(objectname)%00%(upstream:track)%00%(upstream:remotename)%00%(upstream:remoteref) refs/heads/main refs/remotes/main [1ms]
2025-04-25 19:44:43.398 [warning] [Git][getBranch] No such branch: main
2025-04-25 19:44:43.413 [info] > git for-each-ref --sort -committerdate --format %(refname)%00%(objectname)%00%(*objectname) [1ms]
2025-04-25 19:44:43.416 [info] > git status -z -uall [12ms]
2025-04-25 19:44:48.460 [info] > git config --get commit.template [7ms]
2025-04-25 19:44:48.460 [info] > git for-each-ref --format=%(refname)%00%(upstream:short)%00%(objectname)%00%(upstream:track)%00%(upstream:remotename)%00%(upstream:remoteref) refs/heads/main refs/remotes/main [1ms]
2025-04-25 19:44:48.460 [warning] [Git][getBranch] No such branch: main
2025-04-25 19:44:48.474 [info] > git for-each-ref --sort -committerdate --format %(refname)%00%(objectname)%00%(*objectname) [1ms]
2025-04-25 19:44:48.505 [info] > git status -z -uall [39ms]
2025-04-25 19:44:51.829 [info] > git -c user.useConfigOnly=true commit --quiet [34ms]
2025-04-25 19:44:51.829 [info] Author identity unknown

*** Please tell me who you are.

Run

  git config --global user.email "you@example.com"
  git config --global user.name "Your Name"

to set your account's default identity.
Omit --global to set the identity only in this repository.

fatal: no email was given and auto-detection is disabled
2025-04-25 19:44:51.836 [info] > git config --get-all user.name [1ms]
2025-04-25 19:44:51.852 [info] > git config --get commit.template [8ms]
2025-04-25 19:44:51.852 [info] > git for-each-ref --format=%(refname)%00%(upstream:short)%00%(objectname)%00%(upstream:track)%00%(upstream:remotename)%00%(upstream:remoteref) refs/heads/main refs/remotes/main [1ms]
2025-04-25 19:44:51.852 [warning] [Git][getBranch] No such branch: main
2025-04-25 19:44:51.869 [info] > git for-each-ref --sort -committerdate --format %(refname)%00%(objectname)%00%(*objectname) [1ms]
2025-04-25 19:44:51.911 [info] > git status -z -uall [52ms]
2025-04-25 19:44:59.941 [info] > git config --get commit.template [7ms]
2025-04-25 19:44:59.941 [info] > git for-each-ref --format=%(refname)%00%(upstream:short)%00%(objectname)%00%(upstream:track)%00%(upstream:remotename)%00%(upstream:remoteref) refs/heads/main refs/remotes/main [1ms]
2025-04-25 19:44:59.941 [warning] [Git][getBranch] No such branch: main
2025-04-25 19:44:59.956 [info] > git for-each-ref --sort -committerdate --format %(refname)%00%(objectname)%00%(*objectname) [1ms]
2025-04-25 19:44:59.991 [info] > git status -z -uall [44ms]
2025-04-25 19:47:04.496 [info] > git config --get commit.template [10ms]
2025-04-25 19:47:04.496 [info] > git for-each-ref --format=%(refname)%00%(upstream:short)%00%(objectname)%00%(upstream:track)%00%(upstream:remotename)%00%(upstream:remoteref) refs/heads/main refs/remotes/main [1ms]
2025-04-25 19:47:04.496 [warning] [Git][getBranch] No such branch: main
2025-04-25 19:47:04.513 [info] > git for-each-ref --sort -committerdate --format %(refname)%00%(objectname)%00%(*objectname) [1ms]
2025-04-25 19:47:04.552 [info] > git status -z -uall [49ms]
2025-04-25 19:47:04.922 [info] > git fetch [444ms]
2025-04-25 19:47:04.922 [info] Missing or invalid credentials.
Skip silent fetch commands
Missing or invalid credentials.
Skip silent fetch commands
remote: Repository not found.
fatal: Authentication failed for 'https://github.com/aayushsht074/hyprland-config.git/'
2025-04-25 19:47:04.944 [info] > git for-each-ref --format=%(refname)%00%(upstream:short)%00%(objectname)%00%(upstream:track)%00%(upstream:remotename)%00%(upstream:remoteref) refs/heads/main refs/remotes/main [4ms]
2025-04-25 19:47:04.944 [warning] [Git][getBranch] No such branch: main
2025-04-25 19:47:04.944 [info] > git config --get commit.template [14ms]
2025-04-25 19:47:04.965 [info] > git for-each-ref --sort -committerdate --format %(refname)%00%(objectname)%00%(*objectname) [1ms]
2025-04-25 19:47:05.007 [info] > git status -z -uall [52ms]
2025-04-25 19:47:09.595 [info] > git config --get commit.template [5ms]
2025-04-25 19:47:09.596 [info] > git for-each-ref --format=%(refname)%00%(upstream:short)%00%(objectname)%00%(upstream:track)%00%(upstream:remotename)%00%(upstream:remoteref) refs/heads/main refs/remotes/main [1ms]
2025-04-25 19:47:09.596 [warning] [Git][getBranch] No such branch: main
2025-04-25 19:47:09.607 [info] > git for-each-ref --sort -committerdate --format %(refname)%00%(objectname)%00%(*objectname) [1ms]
2025-04-25 19:47:09.649 [info] > git status -z -uall [48ms]
2025-04-25 19:47:14.682 [info] > git config --get commit.template [6ms]
2025-04-25 19:47:14.682 [info] > git for-each-ref --format=%(refname)%00%(upstream:short)%00%(objectname)%00%(upstream:track)%00%(upstream:remotename)%00%(upstream:remoteref) refs/heads/main refs/remotes/main [1ms]
2025-04-25 19:47:14.683 [warning] [Git][getBranch] No such branch: main
2025-04-25 19:47:14.698 [info] > git for-each-ref --sort -committerdate --format %(refname)%00%(objectname)%00%(*objectname) [3ms]
2025-04-25 19:47:14.734 [info] > git status -z -uall [45ms]
2025-04-25 19:47:19.772 [info] > git config --get commit.template [5ms]
2025-04-25 19:47:19.773 [info] > git for-each-ref --format=%(refname)%00%(upstream:short)%00%(objectname)%00%(upstream:track)%00%(upstream:remotename)%00%(upstream:remoteref) refs/heads/main refs/remotes/main [1ms]
2025-04-25 19:47:19.773 [warning] [Git][getBranch] No such branch: main
2025-04-25 19:47:19.785 [info] > git for-each-ref --sort -committerdate --format %(refname)%00%(objectname)%00%(*objectname) [1ms]
2025-04-25 19:47:19.822 [info] > git status -z -uall [44ms]
2025-04-25 19:48:35.409 [info] > git config --get commit.template [8ms]
2025-04-25 19:48:35.410 [info] > git for-each-ref --format=%(refname)%00%(upstream:short)%00%(objectname)%00%(upstream:track)%00%(upstream:remotename)%00%(upstream:remoteref) refs/heads/main refs/remotes/main [1ms]
2025-04-25 19:48:35.410 [warning] [Git][getBranch] No such branch: main
2025-04-25 19:48:35.426 [info] > git for-each-ref --sort -committerdate --format %(refname)%00%(objectname)%00%(*objectname) [1ms]
2025-04-25 19:48:35.465 [info] > git status -z -uall [49ms]
2025-04-25 19:48:40.504 [info] > git config --get commit.template [6ms]
2025-04-25 19:48:40.505 [info] > git for-each-ref --format=%(refname)%00%(upstream:short)%00%(objectname)%00%(upstream:track)%00%(upstream:remotename)%00%(upstream:remoteref) refs/heads/main refs/remotes/main [1ms]
2025-04-25 19:48:40.505 [warning] [Git][getBranch] No such branch: main
2025-04-25 19:48:40.521 [info] > git for-each-ref --sort -committerdate --format %(refname)%00%(objectname)%00%(*objectname) [1ms]
2025-04-25 19:48:40.563 [info] > git status -z -uall [50ms]
2025-04-25 19:48:45.609 [info] > git config --get commit.template [9ms]
2025-04-25 19:48:45.609 [info] > git for-each-ref --format=%(refname)%00%(upstream:short)%00%(objectname)%00%(upstream:track)%00%(upstream:remotename)%00%(upstream:remoteref) refs/heads/main refs/remotes/main [1ms]
2025-04-25 19:48:45.609 [warning] [Git][getBranch] No such branch: main
2025-04-25 19:48:45.624 [info] > git for-each-ref --sort -committerdate --format %(refname)%00%(objectname)%00%(*objectname) [1ms]
2025-04-25 19:48:45.663 [info] > git status -z -uall [47ms]
2025-04-25 19:48:50.708 [info] > git config --get commit.template [7ms]
2025-04-25 19:48:50.709 [info] > git for-each-ref --format=%(refname)%00%(upstream:short)%00%(objectname)%00%(upstream:track)%00%(upstream:remotename)%00%(upstream:remoteref) refs/heads/main refs/remotes/main [1ms]
2025-04-25 19:48:50.709 [warning] [Git][getBranch] No such branch: main
2025-04-25 19:48:50.726 [info] > git for-each-ref --sort -committerdate --format %(refname)%00%(objectname)%00%(*objectname) [2ms]
2025-04-25 19:48:50.766 [info] > git status -z -uall [50ms]
2025-04-25 19:48:55.805 [info] > git config --get commit.template [6ms]
2025-04-25 19:48:55.805 [info] > git for-each-ref --format=%(refname)%00%(upstream:short)%00%(objectname)%00%(upstream:track)%00%(upstream:remotename)%00%(upstream:remoteref) refs/heads/main refs/remotes/main [0ms]
2025-04-25 19:48:55.806 [warning] [Git][getBranch] No such branch: main
2025-04-25 19:48:55.817 [info] > git for-each-ref --sort -committerdate --format %(refname)%00%(objectname)%00%(*objectname) [1ms]
2025-04-25 19:48:55.858 [info] > git status -z -uall [47ms]
2025-04-25 19:49:00.897 [info] > git config --get commit.template [7ms]
2025-04-25 19:49:00.897 [info] > git for-each-ref --format=%(refname)%00%(upstream:short)%00%(objectname)%00%(upstream:track)%00%(upstream:remotename)%00%(upstream:remoteref) refs/heads/main refs/remotes/main [1ms]
2025-04-25 19:49:00.897 [warning] [Git][getBranch] No such branch: main
2025-04-25 19:49:00.911 [info] > git for-each-ref --sort -committerdate --format %(refname)%00%(objectname)%00%(*objectname) [1ms]
2025-04-25 19:49:00.951 [info] > git status -z -uall [49ms]
2025-04-25 19:49:08.742 [info] > git config --get commit.template [6ms]
2025-04-25 19:49:08.743 [info] > git for-each-ref --format=%(refname)%00%(upstream:short)%00%(objectname)%00%(upstream:track)%00%(upstream:remotename)%00%(upstream:remoteref) refs/heads/main refs/remotes/main [1ms]
2025-04-25 19:49:08.743 [warning] [Git][getBranch] No such branch: main
2025-04-25 19:49:08.758 [info] > git for-each-ref --sort -committerdate --format %(refname)%00%(objectname)%00%(*objectname) [2ms]
2025-04-25 19:49:08.800 [info] > git status -z -uall [51ms]
2025-04-25 19:49:14.064 [info] > git config --get commit.template [6ms]
2025-04-25 19:49:14.064 [info] > git for-each-ref --format=%(refname)%00%(upstream:short)%00%(objectname)%00%(upstream:track)%00%(upstream:remotename)%00%(upstream:remoteref) refs/heads/main refs/remotes/main [1ms]
2025-04-25 19:49:14.064 [warning] [Git][getBranch] No such branch: main
2025-04-25 19:49:14.077 [info] > git for-each-ref --sort -committerdate --format %(refname)%00%(objectname)%00%(*objectname) [1ms]
2025-04-25 19:49:14.118 [info] > git status -z -uall [48ms]
2025-04-25 19:49:19.159 [info] > git config --get commit.template [5ms]
2025-04-25 19:49:19.160 [info] > git for-each-ref --format=%(refname)%00%(upstream:short)%00%(objectname)%00%(upstream:track)%00%(upstream:remotename)%00%(upstream:remoteref) refs/heads/main refs/remotes/main [1ms]
2025-04-25 19:49:19.160 [warning] [Git][getBranch] No such branch: main
2025-04-25 19:49:19.174 [info] > git for-each-ref --sort -committerdate --format %(refname)%00%(objectname)%00%(*objectname) [2ms]
2025-04-25 19:49:19.220 [info] > git status -z -uall [55ms]
2025-04-25 19:49:21.073 [info] > git log --format=%H%n%aN%n%aE%n%at%n%ct%n%P%n%D%n%B -z --shortstat --diff-merges=first-parent -n50 --skip=0 --topo-order --decorate=full --stdin [1ms]
2025-04-25 19:49:21.073 [info] fatal: bad revision 'refs/heads/main'
2025-04-25 19:49:21.073 [error] [GitHistoryProvider][provideHistoryItems] Failed to get history items with options '{"historyItemRefs":["refs/heads/main"],"limit":50,"skip":0}': Failed to execute git {
  "exitCode": 128,
  "gitCommand": "log",
  "stdout": "",
  "stderr": "fatal: bad revision 'refs/heads/main'\n"
}
2025-04-25 19:49:24.256 [info] > git config --get commit.template [6ms]
2025-04-25 19:49:24.257 [info] > git for-each-ref --format=%(refname)%00%(upstream:short)%00%(objectname)%00%(upstream:track)%00%(upstream:remotename)%00%(upstream:remoteref) refs/heads/main refs/remotes/main [1ms]
2025-04-25 19:49:24.257 [warning] [Git][getBranch] No such branch: main
2025-04-25 19:49:24.272 [info] > git for-each-ref --sort -committerdate --format %(refname)%00%(objectname)%00%(*objectname) [1ms]
2025-04-25 19:49:24.312 [info] > git status -z -uall [49ms]
2025-04-25 19:49:28.960 [info] > git branch [1ms]
2025-04-25 19:49:29.019 [info] > git rm --cached -r -- . [52ms]
2025-04-25 19:49:29.019 [info] error: the following files have staged content different from both the
file and the HEAD:
    Code/Cache/Cache_Data/index-dir/the-real-index
    Code/CachedData/17baf841131aa23349f217ca7c570c76ee87b957/chrome/js/index-dir/the-real-index
    Code/DawnGraphiteCache/data_1
    Code/DawnWebGPUCache/data_1
    Code/GPUCache/data_1
    Code/User/History/4cab9e20/entries.json
    Code/User/workspaceStorage/e00d5a63a0cbac884c82e5cec28fac89/state.vscdb
    Code/logs/20250425T193543/window1/exthost/exthost.log
    Code/logs/20250425T193543/window1/exthost/vscode.git/Git.log
    chromium/Default/DIPS-shm
    chromium/Default/DIPS-wal
    chromium/Default/DawnGraphiteCache/data_1
    chromium/Default/DawnWebGPUCache/data_1
    chromium/Default/Favicons
    chromium/Default/GPUCache/data_0
    chromium/Default/GPUCache/data_1
    chromium/Default/GPUCache/index
    chromium/Default/History
    chromium/Default/History-journal
    chromium/Default/Network Action Predictor
    chromium/Default/Network Persistent State
    chromium/Default/Preferences
    chromium/Default/Session Storage/000028.log
    chromium/Default/Sessions/Session_13390098045736997
    chromium/Default/Visited Links
    chromium/Default/WebStorage/QuotaManager
    chromium/Default/shared_proto_db/000003.log
    chromium/GrShaderCache/data_0
    chromium/GrShaderCache/data_1
    chromium/GrShaderCache/data_3
    chromium/GrShaderCache/index
    chromium/GraphiteDawnCache/data_1
    chromium/Local State
    chromium/ShaderCache/data_1
    chromium/segmentation_platform/ukm_db
    dconf/user
    kde.org/UserFeedback.org.kde.kate.conf
(use -f to force removal)
2025-04-25 19:49:29.032 [info] > git config --get commit.template [7ms]
2025-04-25 19:49:29.033 [info] > git for-each-ref --format=%(refname)%00%(upstream:short)%00%(objectname)%00%(upstream:track)%00%(upstream:remotename)%00%(upstream:remoteref) refs/heads/main refs/remotes/main [1ms]
2025-04-25 19:49:29.033 [warning] [Git][getBranch] No such branch: main
2025-04-25 19:49:29.049 [info] > git for-each-ref --sort -committerdate --format %(refname)%00%(objectname)%00%(*objectname) [1ms]
2025-04-25 19:49:29.088 [info] > git status -z -uall [48ms]
2025-04-25 19:49:29.695 [info] > git config --get commit.template [5ms]
2025-04-25 19:49:29.695 [info] > git for-each-ref --format=%(refname)%00%(upstream:short)%00%(objectname)%00%(upstream:track)%00%(upstream:remotename)%00%(upstream:remoteref) refs/heads/main refs/remotes/main [1ms]
2025-04-25 19:49:29.695 [warning] [Git][getBranch] No such branch: main
2025-04-25 19:49:29.707 [info] > git for-each-ref --sort -committerdate --format %(refname)%00%(objectname)%00%(*objectname) [1ms]
2025-04-25 19:49:29.748 [info] > git status -z -uall [48ms]
2025-04-25 19:49:34.789 [info] > git config --get commit.template [6ms]
2025-04-25 19:49:34.790 [info] > git for-each-ref --format=%(refname)%00%(upstream:short)%00%(objectname)%00%(upstream:track)%00%(upstream:remotename)%00%(upstream:remoteref) refs/heads/main refs/remotes/main [1ms]
2025-04-25 19:49:34.790 [warning] [Git][getBranch] No such branch: main
2025-04-25 19:49:34.804 [info] > git for-each-ref --sort -committerdate --format %(refname)%00%(objectname)%00%(*objectname) [1ms]
2025-04-25 19:49:34.843 [info] > git status -z -uall [47ms]
2025-04-25 19:49:38.594 [info] > git check-ignore -v -z --stdin [4ms]
2025-04-25 19:49:39.893 [info] > git config --get commit.template [7ms]
2025-04-25 19:49:39.893 [info] > git for-each-ref --format=%(refname)%00%(upstream:short)%00%(objectname)%00%(upstream:track)%00%(upstream:remotename)%00%(upstream:remoteref) refs/heads/main refs/remotes/main [1ms]
2025-04-25 19:49:39.893 [warning] [Git][getBranch] No such branch: main
2025-04-25 19:49:39.909 [info] > git for-each-ref --sort -committerdate --format %(refname)%00%(objectname)%00%(*objectname) [1ms]
2025-04-25 19:49:39.950 [info] > git status -z -uall [51ms]
2025-04-25 19:49:44.987 [info] > git config --get commit.template [7ms]
2025-04-25 19:49:44.987 [info] > git for-each-ref --format=%(refname)%00%(upstream:short)%00%(objectname)%00%(upstream:track)%00%(upstream:remotename)%00%(upstream:remoteref) refs/heads/main refs/remotes/main [1ms]
2025-04-25 19:49:44.987 [warning] [Git][getBranch] No such branch: main
2025-04-25 19:49:45.003 [info] > git for-each-ref --sort -committerdate --format %(refname)%00%(objectname)%00%(*objectname) [1ms]
2025-04-25 19:49:45.045 [info] > git status -z -uall [51ms]
2025-04-25 19:50:13.614 [info] > git config --get commit.template [7ms]
2025-04-25 19:50:13.614 [info] > git for-each-ref --format=%(refname)%00%(upstream:short)%00%(objectname)%00%(upstream:track)%00%(upstream:remotename)%00%(upstream:remoteref) refs/heads/main refs/remotes/main [1ms]
2025-04-25 19:50:13.614 [warning] [Git][getBranch] No such branch: main
2025-04-25 19:50:13.632 [info] > git for-each-ref --sort -committerdate --format %(refname)%00%(objectname)%00%(*objectname) [4ms]
2025-04-25 19:50:13.671 [info] > git status -z -uall [50ms]
